{"meta": {"format": 3, "version": "7.13.4", "timestamp": "2026-02-17T14:45:19.262378", "branch_coverage": false, "show_contexts": false}, "files": {"src/alphalab/__init__.py": {"executed_lines": [], "summary": {"covered_lines": 0, "num_statements": 0, "percent_covered": 100.0, "percent_covered_display": "100", "missing_lines": 0, "excluded_lines": 0, "percent_statements_covered": 100.0, "percent_statements_covered_display": "100"}, "missing_lines": [], "excluded_lines": [], "functions": {"": {"executed_lines": [], "summary": {"covered_lines": 0, "num_statements": 0, "percent_covered": 100.0, "percent_covered_display": "100", "missing_lines": 0, "excluded_lines": 0, "percent_statements_covered": 100.0, "percent_statements_covered_display": "100"}, "missing_lines": [], "excluded_lines": [], "start_line": 1}}, "classes": {"": {"executed_lines": [], "summary": {"covered_lines": 0, "num_statements": 0, "percent_covered": 100.0, "percent_covered_display": "100", "missing_lines": 0, "excluded_lines": 0, "percent_statements_covered": 100.0, "percent_statements_covered_display": "100"}, "missing_lines": [], "excluded_lines": [], "start_line": 1}}}, "src/alphalab/alpha/__init__.py": {"executed_lines": [20, 21, 22, 23, 29], "summary": {"covered_lines": 5, "num_statements": 5, "percent_covered": 100.0, "percent_covered_display": "100", "missing_lines": 0, "excluded_lines": 0, "percent_statements_covered": 100.0, "percent_statements_covered_display": "100"}, "missing_lines": [], "excluded_lines": [], "functions": {"": {"executed_lines": [20, 21, 22, 23, 29], "summary": {"covered_lines": 5, "num_statements": 5, "percent_covered": 100.0, "percent_covered_display": "100", "missing_lines": 0, "excluded_lines": 0, "percent_statements_covered": 100.0, "percent_statements_covered_display": "100"}, "missing_lines": [], "excluded_lines": [], "start_line": 1}}, "classes": {"": {"executed_lines": [20, 21, 22, 23, 29], "summary": {"covered_lines": 5, "num_statements": 5, "percent_covered": 100.0, "percent_covered_display": "100", "missing_lines": 0, "excluded_lines": 0, "percent_statements_covered": 100.0, "percent_statements_covered_display": "100"}, "missing_lines": [], "excluded_lines": [], "start_line": 1}}}, "src/alphalab/alpha/core.py": {"executed_lines": [3, 5, 7, 8, 11, 13, 16, 18, 19, 20, 21, 22, 23, 24, 25, 26, 27, 28, 29, 30, 31, 32, 33, 34, 35, 36, 37, 38, 39, 40, 44, 46, 47, 48, 49, 50, 51, 52, 53, 54, 55, 56, 57, 58, 59, 60, 61, 62, 63, 64, 65, 66, 67, 68, 69, 70, 71, 72, 76, 87, 88, 89, 91, 92, 93, 95, 96, 98, 99, 102, 104, 105, 106, 107, 108, 109, 110, 111, 112, 113, 114, 126, 137, 138, 139, 141, 142, 145, 157, 159, 165, 167, 168, 170, 172, 173, 177, 178, 180, 181, 183, 184, 186, 187, 189, 190, 192, 193, 195, 196, 198, 199, 201, 202, 204, 205, 207, 208, 209, 210, 214, 216, 217, 218, 219, 223, 227, 228, 230, 231, 233, 234, 236, 237, 239, 240, 242, 244, 245, 247, 251, 252, 254, 255, 257, 259, 260, 261, 265], "summary": {"covered_lines": 149, "num_statements": 162, "percent_covered": 91.9753086419753, "percent_covered_display": "92", "missing_lines": 13, "excluded_lines": 0, "percent_statements_covered": 91.9753086419753, "percent_statements_covered_display": "92"}, "missing_lines": [41, 73, 115, 116, 117, 118, 119, 120, 121, 122, 123, 241, 246], "excluded_lines": [], "functions": {"_get_value_cols": {"executed_lines": [13], "summary": {"covered_lines": 1, "num_statements": 1, "percent_covered": 100.0, "percent_covered_display": "100", "missing_lines": 0, "excluded_lines": 0, "percent_statements_covered": 100.0, "percent_statements_covered_display": "100"}, "missing_lines": [], "excluded_lines": [], "start_line": 11}, "_scalar_expr": {"executed_lines": [18, 19, 20, 21, 22, 23, 24, 25, 26, 27, 28, 29, 30, 31, 32, 33, 34, 35, 36, 37, 38, 39, 40], "summary": {"covered_lines": 23, "num_statements": 24, "percent_covered": 95.83333333333333, "percent_covered_display": "96", "missing_lines": 1, "excluded_lines": 0, "percent_statements_covered": 95.83333333333333, "percent_statements_covered_display": "96"}, "missing_lines": [41], "excluded_lines": [], "start_line": 16}, "_df_expr": {"executed_lines": [46, 47, 48, 49, 50, 51, 52, 53, 54, 55, 56, 57, 58, 59, 60, 61, 62, 63, 64, 65, 66, 67, 68, 69, 70, 71, 72], "summary": {"covered_lines": 27, "num_statements": 28, "percent_covered": 96.42857142857143, "percent_covered_display": "96", "missing_lines": 1, "excluded_lines": 0, "percent_statements_covered": 96.42857142857143, "percent_statements_covered_display": "96"}, "missing_lines": [73], "excluded_lines": [], "start_line": 44}, "_apply_binary_op": {"executed_lines": [87, 88, 89, 91, 92, 93, 95, 96, 98, 99], "summary": {"covered_lines": 10, "num_statements": 10, "percent_covered": 100.0, "percent_covered_display": "100", "missing_lines": 0, "excluded_lines": 0, "percent_statements_covered": 100.0, "percent_statements_covered_display": "100"}, "missing_lines": [], "excluded_lines": [], "start_line": 76}, "_reverse_scalar_expr": {"executed_lines": [104, 105, 106, 107, 108, 109, 110, 111, 112, 113, 114], "summary": {"covered_lines": 11, "num_statements": 20, "percent_covered": 55.0, "percent_covered_display": "55", "missing_lines": 9, "excluded_lines": 0, "percent_statements_covered": 55.0, "percent_statements_covered_display": "55"}, "missing_lines": [115, 116, 117, 118, 119, 120, 121, 122, 123], "excluded_lines": [], "start_line": 102}, "_apply_reverse_binary_op": {"executed_lines": [137, 138, 139, 141, 142], "summary": {"covered_lines": 5, "num_statements": 5, "percent_covered": 100.0, "percent_covered_display": "100", "missing_lines": 0, "excluded_lines": 0, "percent_statements_covered": 100.0, "percent_statements_covered_display": "100"}, "missing_lines": [], "excluded_lines": [], "start_line": 126}, "Alpha.__init__": {"executed_lines": [165], "summary": {"covered_lines": 1, "num_statements": 1, "percent_covered": 100.0, "percent_covered_display": "100", "missing_lines": 0, "excluded_lines": 0, "percent_statements_covered": 100.0, "percent_statements_covered_display": "100"}, "missing_lines": [], "excluded_lines": [], "start_line": 159}, "Alpha.data": {"executed_lines": [170], "summary": {"covered_lines": 1, "num_statements": 1, "percent_covered": 100.0, "percent_covered_display": "100", "missing_lines": 0, "excluded_lines": 0, "percent_statements_covered": 100.0, "percent_statements_covered_display": "100"}, "missing_lines": [], "excluded_lines": [], "start_line": 168}, "Alpha.__repr__": {"executed_lines": [173], "summary": {"covered_lines": 1, "num_statements": 1, "percent_covered": 100.0, "percent_covered_display": "100", "missing_lines": 0, "excluded_lines": 0, "percent_statements_covered": 100.0, "percent_statements_covered_display": "100"}, "missing_lines": [], "excluded_lines": [], "start_line": 172}, "Alpha.__add__": {"executed_lines": [178], "summary": {"covered_lines": 1, "num_statements": 1, "percent_covered": 100.0, "percent_covered_display": "100", "missing_lines": 0, "excluded_lines": 0, "percent_statements_covered": 100.0, "percent_statements_covered_display": "100"}, "missing_lines": [], "excluded_lines": [], "start_line": 177}, "Alpha.__radd__": {"executed_lines": [181], "summary": {"covered_lines": 1, "num_statements": 1, "percent_covered": 100.0, "percent_covered_display": "100", "missing_lines": 0, "excluded_lines": 0, "percent_statements_covered": 100.0, "percent_statements_covered_display": "100"}, "missing_lines": [], "excluded_lines": [], "start_line": 180}, "Alpha.__sub__": {"executed_lines": [184], "summary": {"covered_lines": 1, "num_statements": 1, "percent_covered": 100.0, "percent_covered_display": "100", "missing_lines": 0, "excluded_lines": 0, "percent_statements_covered": 100.0, "percent_statements_covered_display": "100"}, "missing_lines": [], "excluded_lines": [], "start_line": 183}, "Alpha.__rsub__": {"executed_lines": [187], "summary": {"covered_lines": 1, "num_statements": 1, "percent_covered": 100.0, "percent_covered_display": "100", "missing_lines": 0, "excluded_lines": 0, "percent_statements_covered": 100.0, "percent_statements_covered_display": "100"}, "missing_lines": [], "excluded_lines": [], "start_line": 186}, "Alpha.__mul__": {"executed_lines": [190], "summary": {"covered_lines": 1, "num_statements": 1, "percent_covered": 100.0, "percent_covered_display": "100", "missing_lines": 0, "excluded_lines": 0, "percent_statements_covered": 100.0, "percent_statements_covered_display": "100"}, "missing_lines": [], "excluded_lines": [], "start_line": 189}, "Alpha.__rmul__": {"executed_lines": [193], "summary": {"covered_lines": 1, "num_statements": 1, "percent_covered": 100.0, "percent_covered_display": "100", "missing_lines": 0, "excluded_lines": 0, "percent_statements_covered": 100.0, "percent_statements_covered_display": "100"}, "missing_lines": [], "excluded_lines": [], "start_line": 192}, "Alpha.__truediv__": {"executed_lines": [196], "summary": {"covered_lines": 1, "num_statements": 1, "percent_covered": 100.0, "percent_covered_display": "100", "missing_lines": 0, "excluded_lines": 0, "percent_statements_covered": 100.0, "percent_statements_covered_display": "100"}, "missing_lines": [], "excluded_lines": [], "start_line": 195}, "Alpha.__rtruediv__": {"executed_lines": [199], "summary": {"covered_lines": 1, "num_statements": 1, "percent_covered": 100.0, "percent_covered_display": "100", "missing_lines": 0, "excluded_lines": 0, "percent_statements_covered": 100.0, "percent_statements_covered_display": "100"}, "missing_lines": [], "excluded_lines": [], "start_line": 198}, "Alpha.__pow__": {"executed_lines": [202], "summary": {"covered_lines": 1, "num_statements": 1, "percent_covered": 100.0, "percent_covered_display": "100", "missing_lines": 0, "excluded_lines": 0, "percent_statements_covered": 100.0, "percent_statements_covered_display": "100"}, "missing_lines": [], "excluded_lines": [], "start_line": 201}, "Alpha.__rpow__": {"executed_lines": [205], "summary": {"covered_lines": 1, "num_statements": 1, "percent_covered": 100.0, "percent_covered_display": "100", "missing_lines": 0, "excluded_lines": 0, "percent_statements_covered": 100.0, "percent_statements_covered_display": "100"}, "missing_lines": [], "excluded_lines": [], "start_line": 204}, "Alpha.__neg__": {"executed_lines": [208, 209, 210, 214], "summary": {"covered_lines": 4, "num_statements": 4, "percent_covered": 100.0, "percent_covered_display": "100", "missing_lines": 0, "excluded_lines": 0, "percent_statements_covered": 100.0, "percent_statements_covered_display": "100"}, "missing_lines": [], "excluded_lines": [], "start_line": 207}, "Alpha.__abs__": {"executed_lines": [217, 218, 219, 223], "summary": {"covered_lines": 4, "num_statements": 4, "percent_covered": 100.0, "percent_covered_display": "100", "missing_lines": 0, "excluded_lines": 0, "percent_statements_covered": 100.0, "percent_statements_covered_display": "100"}, "missing_lines": [], "excluded_lines": [], "start_line": 216}, "Alpha.__lt__": {"executed_lines": [228], "summary": {"covered_lines": 1, "num_statements": 1, "percent_covered": 100.0, "percent_covered_display": "100", "missing_lines": 0, "excluded_lines": 0, "percent_statements_covered": 100.0, "percent_statements_covered_display": "100"}, "missing_lines": [], "excluded_lines": [], "start_line": 227}, "Alpha.__le__": {"executed_lines": [231], "summary": {"covered_lines": 1, "num_statements": 1, "percent_covered": 100.0, "percent_covered_display": "100", "missing_lines": 0, "excluded_lines": 0, "percent_statements_covered": 100.0, "percent_statements_covered_display": "100"}, "missing_lines": [], "excluded_lines": [], "start_line": 230}, "Alpha.__gt__": {"executed_lines": [234], "summary": {"covered_lines": 1, "num_statements": 1, "percent_covered": 100.0, "percent_covered_display": "100", "missing_lines": 0, "excluded_lines": 0, "percent_statements_covered": 100.0, "percent_statements_covered_display": "100"}, "missing_lines": [], "excluded_lines": [], "start_line": 233}, "Alpha.__ge__": {"executed_lines": [237], "summary": {"covered_lines": 1, "num_statements": 1, "percent_covered": 100.0, "percent_covered_display": "100", "missing_lines": 0, "excluded_lines": 0, "percent_statements_covered": 100.0, "percent_statements_covered_display": "100"}, "missing_lines": [], "excluded_lines": [], "start_line": 236}, "Alpha.__eq__": {"executed_lines": [240, 242], "summary": {"covered_lines": 2, "num_statements": 3, "percent_covered": 66.66666666666667, "percent_covered_display": "67", "missing_lines": 1, "excluded_lines": 0, "percent_statements_covered": 66.66666666666667, "percent_statements_covered_display": "67"}, "missing_lines": [241], "excluded_lines": [], "start_line": 239}, "Alpha.__ne__": {"executed_lines": [245, 247], "summary": {"covered_lines": 2, "num_statements": 3, "percent_covered": 66.66666666666667, "percent_covered_display": "67", "missing_lines": 1, "excluded_lines": 0, "percent_statements_covered": 66.66666666666667, "percent_statements_covered_display": "67"}, "missing_lines": [246], "excluded_lines": [], "start_line": 244}, "Alpha.__and__": {"executed_lines": [252], "summary": {"covered_lines": 1, "num_statements": 1, "percent_covered": 100.0, "percent_covered_display": "100", "missing_lines": 0, "excluded_lines": 0, "percent_statements_covered": 100.0, "percent_statements_covered_display": "100"}, "missing_lines": [], "excluded_lines": [], "start_line": 251}, "Alpha.__or__": {"executed_lines": [255], "summary": {"covered_lines": 1, "num_statements": 1, "percent_covered": 100.0, "percent_covered_display": "100", "missing_lines": 0, "excluded_lines": 0, "percent_statements_covered": 100.0, "percent_statements_covered_display": "100"}, "missing_lines": [], "excluded_lines": [], "start_line": 254}, "Alpha.__invert__": {"executed_lines": [259, 260, 261, 265], "summary": {"covered_lines": 4, "num_statements": 4, "percent_covered": 100.0, "percent_covered_display": "100", "missing_lines": 0, "excluded_lines": 0, "percent_statements_covered": 100.0, "percent_statements_covered_display": "100"}, "missing_lines": [], "excluded_lines": [], "start_line": 257}, "": {"executed_lines": [3, 5, 7, 8, 11, 16, 44, 76, 102, 126, 145, 157, 159, 167, 168, 172, 177, 180, 183, 186, 189, 192, 195, 198, 201, 204, 207, 216, 227, 230, 233, 236, 239, 244, 251, 254, 257], "summary": {"covered_lines": 37, "num_statements": 37, "percent_covered": 100.0, "percent_covered_display": "100", "missing_lines": 0, "excluded_lines": 0, "percent_statements_covered": 100.0, "percent_statements_covered_display": "100"}, "missing_lines": [], "excluded_lines": [], "start_line": 1}}, "classes": {"Alpha": {"executed_lines": [165, 170, 173, 178, 181, 184, 187, 190, 193, 196, 199, 202, 205, 208, 209, 210, 214, 217, 218, 219, 223, 228, 231, 234, 237, 240, 242, 245, 247, 252, 255, 259, 260, 261, 265], "summary": {"covered_lines": 35, "num_statements": 37, "percent_covered": 94.5945945945946, "percent_covered_display": "95", "missing_lines": 2, "excluded_lines": 0, "percent_statements_covered": 94.5945945945946, "percent_statements_covered_display": "95"}, "missing_lines": [241, 246], "excluded_lines": [], "start_line": 145}, "": {"executed_lines": [3, 5, 7, 8, 11, 13, 16, 18, 19, 20, 21, 22, 23, 24, 25, 26, 27, 28, 29, 30, 31, 32, 33, 34, 35, 36, 37, 38, 39, 40, 44, 46, 47, 48, 49, 50, 51, 52, 53, 54, 55, 56, 57, 58, 59, 60, 61, 62, 63, 64, 65, 66, 67, 68, 69, 70, 71, 72, 76, 87, 88, 89, 91, 92, 93, 95, 96, 98, 99, 102, 104, 105, 106, 107, 108, 109, 110, 111, 112, 113, 114, 126, 137, 138, 139, 141, 142, 145, 157, 159, 167, 168, 172, 177, 180, 183, 186, 189, 192, 195, 198, 201, 204, 207, 216, 227, 230, 233, 236, 239, 244, 251, 254, 257], "summary": {"covered_lines": 114, "num_statements": 125, "percent_covered": 91.2, "percent_covered_display": "91", "missing_lines": 11, "excluded_lines": 0, "percent_statements_covered": 91.2, "percent_statements_covered_display": "91"}, "missing_lines": [41, 73, 115, 116, 117, 118, 119, 120, 121, 122, 123], "excluded_lines": [], "start_line": 1}}}, "src/alphalab/alpha/parser.py": {"executed_lines": [12, 14, 15, 16, 17, 19, 21, 22, 25, 30, 47, 54, 64, 66, 67, 73, 74, 76, 77, 78, 79, 80, 81, 85, 86, 89, 100, 101, 103, 104, 105, 111, 112, 113, 115, 116, 117, 118, 120, 121, 122, 123, 124, 128, 129, 130, 131, 133, 134, 137, 139, 142, 144, 147, 158, 169, 170, 172, 173, 174, 175, 176, 177, 178, 180, 182, 183, 184, 185, 187, 189, 190, 191, 192, 194, 196, 198, 199, 201, 202, 203, 206, 212, 213, 214, 215, 216, 217, 218, 219, 220, 222, 223, 224, 225, 226, 228, 230, 231, 232, 233, 234, 235, 238, 239, 240, 241, 242, 243, 244, 246, 247, 248, 249, 251, 253, 255, 256, 257, 258, 259, 260, 262, 263, 264, 265, 267, 269, 270, 271, 272, 273, 274, 275, 276, 277, 278, 279, 282, 284, 285, 286, 288, 290, 292, 294, 295, 296, 298, 299, 300, 301, 304, 305, 306, 307, 308, 310, 311, 314, 315, 316, 318, 320, 321, 322, 323, 325, 329, 331, 332, 338, 339, 342, 343, 344, 347, 348, 350, 351, 352, 355, 356, 358, 359, 360, 361, 362, 363, 365, 366, 369, 406, 407, 408, 409, 412, 413, 414, 416, 417, 419, 420, 426, 444, 445, 446, 447, 449, 450, 451, 453, 454, 456, 457], "summary": {"covered_lines": 215, "num_statements": 246, "percent_covered": 87.39837398373983, "percent_covered_display": "87", "missing_lines": 31, "excluded_lines": 0, "percent_statements_covered": 87.39837398373983, "percent_statements_covered_display": "87"}, "missing_lines": [68, 69, 71, 83, 106, 107, 109, 119, 126, 204, 207, 208, 209, 210, 236, 250, 261, 280, 312, 326, 333, 334, 336, 345, 353, 421, 422, 423, 458, 459, 460], "excluded_lines": [], "functions": {"_apply_unary": {"executed_lines": [66, 67, 73, 74, 76, 77, 78, 79, 80, 81, 85, 86], "summary": {"covered_lines": 12, "num_statements": 16, "percent_covered": 75.0, "percent_covered_display": "75", "missing_lines": 4, "excluded_lines": 0, "percent_statements_covered": 75.0, "percent_statements_covered_display": "75"}, "missing_lines": [68, 69, 71, 83], "excluded_lines": [], "start_line": 64}, "_elem_minmax": {"executed_lines": [100, 101, 103, 104, 105, 111, 112, 113, 115, 116, 117, 118, 120, 121, 122, 123, 124, 128, 129, 130, 131, 133, 134], "summary": {"covered_lines": 23, "num_statements": 28, "percent_covered": 82.14285714285714, "percent_covered_display": "82", "missing_lines": 5, "excluded_lines": 0, "percent_statements_covered": 82.14285714285714, "percent_statements_covered_display": "82"}, "missing_lines": [106, 107, 109, 119, 126], "excluded_lines": [], "start_line": 89}, "_elem_min": {"executed_lines": [139], "summary": {"covered_lines": 1, "num_statements": 1, "percent_covered": 100.0, "percent_covered_display": "100", "missing_lines": 0, "excluded_lines": 0, "percent_statements_covered": 100.0, "percent_statements_covered_display": "100"}, "missing_lines": [], "excluded_lines": [], "start_line": 137}, "_elem_max": {"executed_lines": [144], "summary": {"covered_lines": 1, "num_statements": 1, "percent_covered": 100.0, "percent_covered_display": "100", "missing_lines": 0, "excluded_lines": 0, "percent_statements_covered": 100.0, "percent_statements_covered_display": "100"}, "missing_lines": [], "excluded_lines": [], "start_line": 142}, "SafeEvaluator.__init__": {"executed_lines": [169, 170, 172, 173, 174, 175, 176, 177, 178], "summary": {"covered_lines": 9, "num_statements": 9, "percent_covered": 100.0, "percent_covered_display": "100", "missing_lines": 0, "excluded_lines": 0, "percent_statements_covered": 100.0, "percent_statements_covered_display": "100"}, "missing_lines": [], "excluded_lines": [], "start_line": 158}, "SafeEvaluator.visit_Module": {"executed_lines": [182, 183, 184, 185], "summary": {"covered_lines": 4, "num_statements": 4, "percent_covered": 100.0, "percent_covered_display": "100", "missing_lines": 0, "excluded_lines": 0, "percent_statements_covered": 100.0, "percent_statements_covered_display": "100"}, "missing_lines": [], "excluded_lines": [], "start_line": 180}, "SafeEvaluator.visit_Assign": {"executed_lines": [189, 190, 191, 192], "summary": {"covered_lines": 4, "num_statements": 4, "percent_covered": 100.0, "percent_covered_display": "100", "missing_lines": 0, "excluded_lines": 0, "percent_statements_covered": 100.0, "percent_statements_covered_display": "100"}, "missing_lines": [], "excluded_lines": [], "start_line": 187}, "SafeEvaluator.visit_Expr": {"executed_lines": [196], "summary": {"covered_lines": 1, "num_statements": 1, "percent_covered": 100.0, "percent_covered_display": "100", "missing_lines": 0, "excluded_lines": 0, "percent_statements_covered": 100.0, "percent_statements_covered_display": "100"}, "missing_lines": [], "excluded_lines": [], "start_line": 194}, "SafeEvaluator.visit_Expression": {"executed_lines": [199], "summary": {"covered_lines": 1, "num_statements": 1, "percent_covered": 100.0, "percent_covered_display": "100", "missing_lines": 0, "excluded_lines": 0, "percent_statements_covered": 100.0, "percent_statements_covered_display": "100"}, "missing_lines": [], "excluded_lines": [], "start_line": 198}, "SafeEvaluator.visit_Constant": {"executed_lines": [202, 203], "summary": {"covered_lines": 2, "num_statements": 3, "percent_covered": 66.66666666666667, "percent_covered_display": "67", "missing_lines": 1, "excluded_lines": 0, "percent_statements_covered": 66.66666666666667, "percent_statements_covered_display": "67"}, "missing_lines": [204], "excluded_lines": [], "start_line": 201}, "SafeEvaluator.visit_Num": {"executed_lines": [], "summary": {"covered_lines": 0, "num_statements": 4, "percent_covered": 0.0, "percent_covered_display": "0", "missing_lines": 4, "excluded_lines": 0, "percent_statements_covered": 0.0, "percent_statements_covered_display": "0"}, "missing_lines": [207, 208, 209, 210], "excluded_lines": [], "start_line": 206}, "SafeEvaluator.visit_Name": {"executed_lines": [213, 214, 215, 216, 217, 218, 219, 220, 222, 223, 224, 225, 226], "summary": {"covered_lines": 13, "num_statements": 13, "percent_covered": 100.0, "percent_covered_display": "100", "missing_lines": 0, "excluded_lines": 0, "percent_statements_covered": 100.0, "percent_statements_covered_display": "100"}, "missing_lines": [], "excluded_lines": [], "start_line": 212}, "SafeEvaluator.visit_Attribute": {"executed_lines": [230, 231, 232, 233, 234, 235], "summary": {"covered_lines": 6, "num_statements": 7, "percent_covered": 85.71428571428571, "percent_covered_display": "86", "missing_lines": 1, "excluded_lines": 0, "percent_statements_covered": 85.71428571428571, "percent_statements_covered_display": "86"}, "missing_lines": [236], "excluded_lines": [], "start_line": 228}, "SafeEvaluator.visit_BinOp": {"executed_lines": [239, 240, 241, 242, 243, 244], "summary": {"covered_lines": 6, "num_statements": 6, "percent_covered": 100.0, "percent_covered_display": "100", "missing_lines": 0, "excluded_lines": 0, "percent_statements_covered": 100.0, "percent_statements_covered_display": "100"}, "missing_lines": [], "excluded_lines": [], "start_line": 238}, "SafeEvaluator.visit_UnaryOp": {"executed_lines": [247, 248, 249, 251], "summary": {"covered_lines": 4, "num_statements": 5, "percent_covered": 80.0, "percent_covered_display": "80", "missing_lines": 1, "excluded_lines": 0, "percent_statements_covered": 80.0, "percent_statements_covered_display": "80"}, "missing_lines": [250], "excluded_lines": [], "start_line": 246}, "SafeEvaluator.visit_Compare": {"executed_lines": [255, 256, 257, 258, 259, 260, 262, 263, 264, 265], "summary": {"covered_lines": 10, "num_statements": 11, "percent_covered": 90.9090909090909, "percent_covered_display": "91", "missing_lines": 1, "excluded_lines": 0, "percent_statements_covered": 90.9090909090909, "percent_statements_covered_display": "91"}, "missing_lines": [261], "excluded_lines": [], "start_line": 253}, "SafeEvaluator.visit_BoolOp": {"executed_lines": [269, 270, 271, 272, 273, 274, 275, 276, 277, 278, 279], "summary": {"covered_lines": 11, "num_statements": 12, "percent_covered": 91.66666666666667, "percent_covered_display": "92", "missing_lines": 1, "excluded_lines": 0, "percent_statements_covered": 91.66666666666667, "percent_statements_covered_display": "92"}, "missing_lines": [280], "excluded_lines": [], "start_line": 267}, "SafeEvaluator._is_ops_func": {"executed_lines": [284, 285, 286], "summary": {"covered_lines": 3, "num_statements": 3, "percent_covered": 100.0, "percent_covered_display": "100", "missing_lines": 0, "excluded_lines": 0, "percent_statements_covered": 100.0, "percent_statements_covered_display": "100"}, "missing_lines": [], "excluded_lines": [], "start_line": 282}, "SafeEvaluator._is_operator_func": {"executed_lines": [290], "summary": {"covered_lines": 1, "num_statements": 1, "percent_covered": 100.0, "percent_covered_display": "100", "missing_lines": 0, "excluded_lines": 0, "percent_statements_covered": 100.0, "percent_statements_covered_display": "100"}, "missing_lines": [], "excluded_lines": [], "start_line": 288}, "SafeEvaluator._unwrap_for_ops": {"executed_lines": [294, 295, 296], "summary": {"covered_lines": 3, "num_statements": 3, "percent_covered": 100.0, "percent_covered_display": "100", "missing_lines": 0, "excluded_lines": 0, "percent_statements_covered": 100.0, "percent_statements_covered_display": "100"}, "missing_lines": [], "excluded_lines": [], "start_line": 292}, "SafeEvaluator.visit_Call": {"executed_lines": [299, 300, 301, 304, 305, 306, 307, 308, 310, 311, 314, 315, 316], "summary": {"covered_lines": 13, "num_statements": 14, "percent_covered": 92.85714285714286, "percent_covered_display": "93", "missing_lines": 1, "excluded_lines": 0, "percent_statements_covered": 92.85714285714286, "percent_statements_covered_display": "93"}, "missing_lines": [312], "excluded_lines": [], "start_line": 298}, "SafeEvaluator.visit_IfExp": {"executed_lines": [320, 321, 322, 323], "summary": {"covered_lines": 4, "num_statements": 4, "percent_covered": 100.0, "percent_covered_display": "100", "missing_lines": 0, "excluded_lines": 0, "percent_statements_covered": 100.0, "percent_statements_covered_display": "100"}, "missing_lines": [], "excluded_lines": [], "start_line": 318}, "SafeEvaluator.generic_visit": {"executed_lines": [], "summary": {"covered_lines": 0, "num_statements": 1, "percent_covered": 0.0, "percent_covered_display": "0", "missing_lines": 1, "excluded_lines": 0, "percent_statements_covered": 0.0, "percent_statements_covered_display": "0"}, "missing_lines": [326], "excluded_lines": [], "start_line": 325}, "_if_else": {"executed_lines": [331, 332, 338, 339, 342, 343, 344, 347, 348, 350, 351, 352, 355, 356, 358, 359, 360, 361, 362, 363, 365, 366], "summary": {"covered_lines": 22, "num_statements": 27, "percent_covered": 81.48148148148148, "percent_covered_display": "81", "missing_lines": 5, "excluded_lines": 0, "percent_statements_covered": 81.48148148148148, "percent_statements_covered_display": "81"}, "missing_lines": [333, 334, 336, 345, 353], "excluded_lines": [], "start_line": 329}, "alpha_eval": {"executed_lines": [406, 407, 408, 409, 412, 413, 414, 416, 417, 419, 420], "summary": {"covered_lines": 11, "num_statements": 14, "percent_covered": 78.57142857142857, "percent_covered_display": "79", "missing_lines": 3, "excluded_lines": 0, "percent_statements_covered": 78.57142857142857, "percent_statements_covered_display": "79"}, "missing_lines": [421, 422, 423], "excluded_lines": [], "start_line": 369}, "alpha_query": {"executed_lines": [444, 445, 446, 447, 449, 450, 451, 453, 454, 456, 457], "summary": {"covered_lines": 11, "num_statements": 14, "percent_covered": 78.57142857142857, "percent_covered_display": "79", "missing_lines": 3, "excluded_lines": 0, "percent_statements_covered": 78.57142857142857, "percent_statements_covered_display": "79"}, "missing_lines": [458, 459, 460], "excluded_lines": [], "start_line": 426}, "": {"executed_lines": [12, 14, 15, 16, 17, 19, 21, 22, 25, 30, 47, 54, 64, 89, 137, 142, 147, 158, 180, 187, 194, 198, 201, 206, 212, 228, 238, 246, 253, 267, 282, 288, 292, 298, 318, 325, 329, 369, 426], "summary": {"covered_lines": 39, "num_statements": 39, "percent_covered": 100.0, "percent_covered_display": "100", "missing_lines": 0, "excluded_lines": 0, "percent_statements_covered": 100.0, "percent_statements_covered_display": "100"}, "missing_lines": [], "excluded_lines": [], "start_line": 1}}, "classes": {"AlphaParseError": {"executed_lines": [], "summary": {"covered_lines": 0, "num_statements": 0, "percent_covered": 100.0, "percent_covered_display": "100", "missing_lines": 0, "excluded_lines": 0, "percent_statements_covered": 100.0, "percent_statements_covered_display": "100"}, "missing_lines": [], "excluded_lines": [], "start_line": 25}, "SafeEvaluator": {"executed_lines": [169, 170, 172, 173, 174, 175, 176, 177, 178, 182, 183, 184, 185, 189, 190, 191, 192, 196, 199, 202, 203, 213, 214, 215, 216, 217, 218, 219, 220, 222, 223, 224, 225, 226, 230, 231, 232, 233, 234, 235, 239, 240, 241, 242, 243, 244, 247, 248, 249, 251, 255, 256, 257, 258, 259, 260, 262, 263, 264, 265, 269, 270, 271, 272, 273, 274, 275, 276, 277, 278, 279, 284, 285, 286, 290, 294, 295, 296, 299, 300, 301, 304, 305, 306, 307, 308, 310, 311, 314, 315, 316, 320, 321, 322, 323], "summary": {"covered_lines": 95, "num_statements": 106, "percent_covered": 89.62264150943396, "percent_covered_display": "90", "missing_lines": 11, "excluded_lines": 0, "percent_statements_covered": 89.62264150943396, "percent_statements_covered_display": "90"}, "missing_lines": [204, 207, 208, 209, 210, 236, 250, 261, 280, 312, 326], "excluded_lines": [], "start_line": 147}, "": {"executed_lines": [12, 14, 15, 16, 17, 19, 21, 22, 25, 30, 47, 54, 64, 66, 67, 73, 74, 76, 77, 78, 79, 80, 81, 85, 86, 89, 100, 101, 103, 104, 105, 111, 112, 113, 115, 116, 117, 118, 120, 121, 122, 123, 124, 128, 129, 130, 131, 133, 134, 137, 139, 142, 144, 147, 158, 180, 187, 194, 198, 201, 206, 212, 228, 238, 246, 253, 267, 282, 288, 292, 298, 318, 325, 329, 331, 332, 338, 339, 342, 343, 344, 347, 348, 350, 351, 352, 355, 356, 358, 359, 360, 361, 362, 363, 365, 366, 369, 406, 407, 408, 409, 412, 413, 414, 416, 417, 419, 420, 426, 444, 445, 446, 447, 449, 450, 451, 453, 454, 456, 457], "summary": {"covered_lines": 120, "num_statements": 140, "percent_covered": 85.71428571428571, "percent_covered_display": "86", "missing_lines": 20, "excluded_lines": 0, "percent_statements_covered": 85.71428571428571, "percent_statements_covered_display": "86"}, "missing_lines": [68, 69, 71, 83, 106, 107, 109, 119, 126, 333, 334, 336, 345, 353, 421, 422, 423, 458, 459, 460], "excluded_lines": [], "start_line": 1}}}, "src/alphalab/alpha/types.py": {"executed_lines": [3, 5, 10, 13, 16], "summary": {"covered_lines": 5, "num_statements": 5, "percent_covered": 100.0, "percent_covered_display": "100", "missing_lines": 0, "excluded_lines": 2, "percent_statements_covered": 100.0, "percent_statements_covered_display": "100"}, "missing_lines": [], "excluded_lines": [7, 8], "functions": {"": {"executed_lines": [3, 5, 10, 13, 16], "summary": {"covered_lines": 5, "num_statements": 5, "percent_covered": 100.0, "percent_covered_display": "100", "missing_lines": 0, "excluded_lines": 2, "percent_statements_covered": 100.0, "percent_statements_covered_display": "100"}, "missing_lines": [], "excluded_lines": [7, 8], "start_line": 1}}, "classes": {"": {"executed_lines": [3, 5, 10, 13, 16], "summary": {"covered_lines": 5, "num_statements": 5, "percent_covered": 100.0, "percent_covered_display": "100", "missing_lines": 0, "excluded_lines": 2, "percent_statements_covered": 100.0, "percent_statements_covered_display": "100"}, "missing_lines": [], "excluded_lines": [7, 8], "start_line": 1}}}, "src/alphalab/alpha/validation.py": {"executed_lines": [3, 5, 8, 12, 15, 16, 17, 18, 23, 26, 27, 28, 29, 34, 49, 50, 52, 53], "summary": {"covered_lines": 18, "num_statements": 18, "percent_covered": 100.0, "percent_covered_display": "100", "missing_lines": 0, "excluded_lines": 0, "percent_statements_covered": 100.0, "percent_statements_covered_display": "100"}, "missing_lines": [], "excluded_lines": [], "functions": {"ColumnMismatchError.__init__": {"executed_lines": [16, 17, 18], "summary": {"covered_lines": 3, "num_statements": 3, "percent_covered": 100.0, "percent_covered_display": "100", "missing_lines": 0, "excluded_lines": 0, "percent_statements_covered": 100.0, "percent_statements_covered_display": "100"}, "missing_lines": [], "excluded_lines": [], "start_line": 15}, "DateMismatchError.__init__": {"executed_lines": [27, 28, 29], "summary": {"covered_lines": 3, "num_statements": 3, "percent_covered": 100.0, "percent_covered_display": "100", "missing_lines": 0, "excluded_lines": 0, "percent_statements_covered": 100.0, "percent_statements_covered_display": "100"}, "missing_lines": [], "excluded_lines": [], "start_line": 26}, "_validate_alignment": {"executed_lines": [49, 50, 52, 53], "summary": {"covered_lines": 4, "num_statements": 4, "percent_covered": 100.0, "percent_covered_display": "100", "missing_lines": 0, "excluded_lines": 0, "percent_statements_covered": 100.0, "percent_statements_covered_display": "100"}, "missing_lines": [], "excluded_lines": [], "start_line": 34}, "": {"executed_lines": [3, 5, 8, 12, 15, 23, 26, 34], "summary": {"covered_lines": 8, "num_statements": 8, "percent_covered": 100.0, "percent_covered_display": "100", "missing_lines": 0, "excluded_lines": 0, "percent_statements_covered": 100.0, "percent_statements_covered_display": "100"}, "missing_lines": [], "excluded_lines": [], "start_line": 1}}, "classes": {"AlphaError": {"executed_lines": [], "summary": {"covered_lines": 0, "num_statements": 0, "percent_covered": 100.0, "percent_covered_display": "100", "missing_lines": 0, "excluded_lines": 0, "percent_statements_covered": 100.0, "percent_statements_covered_display": "100"}, "missing_lines": [], "excluded_lines": [], "start_line": 8}, "ColumnMismatchError": {"executed_lines": [16, 17, 18], "summary": {"covered_lines": 3, "num_statements": 3, "percent_covered": 100.0, "percent_covered_display": "100", "missing_lines": 0, "excluded_lines": 0, "percent_statements_covered": 100.0, "percent_statements_covered_display": "100"}, "missing_lines": [], "excluded_lines": [], "start_line": 12}, "DateMismatchError": {"executed_lines": [27, 28, 29], "summary": {"covered_lines": 3, "num_statements": 3, "percent_covered": 100.0, "percent_covered_display": "100", "missing_lines": 0, "excluded_lines": 0, "percent_statements_covered": 100.0, "percent_statements_covered_display": "100"}, "missing_lines": [], "excluded_lines": [], "start_line": 23}, "": {"executed_lines": [3, 5, 8, 12, 15, 23, 26, 34, 49, 50, 52, 53], "summary": {"covered_lines": 12, "num_statements": 12, "percent_covered": 100.0, "percent_covered_display": "100", "missing_lines": 0, "excluded_lines": 0, "percent_statements_covered": 100.0, "percent_statements_covered_display": "100"}, "missing_lines": [], "excluded_lines": [], "start_line": 1}}}, "src/alphalab/api/__init__.py": {"executed_lines": [3, 4, 11, 13], "summary": {"covered_lines": 4, "num_statements": 4, "percent_covered": 100.0, "percent_covered_display": "100", "missing_lines": 0, "excluded_lines": 0, "percent_statements_covered": 100.0, "percent_statements_covered_display": "100"}, "missing_lines": [], "excluded_lines": [], "functions": {"": {"executed_lines": [3, 4, 11, 13], "summary": {"covered_lines": 4, "num_statements": 4, "percent_covered": 100.0, "percent_covered_display": "100", "missing_lines": 0, "excluded_lines": 0, "percent_statements_covered": 100.0, "percent_statements_covered_display": "100"}, "missing_lines": [], "excluded_lines": [], "start_line": 1}}, "classes": {"": {"executed_lines": [3, 4, 11, 13], "summary": {"covered_lines": 4, "num_statements": 4, "percent_covered": 100.0, "percent_covered_display": "100", "missing_lines": 0, "excluded_lines": 0, "percent_statements_covered": 100.0, "percent_statements_covered_display": "100"}, "missing_lines": [], "excluded_lines": [], "start_line": 1}}}, "src/alphalab/api/backend.py": {"executed_lines": [3, 4, 6, 8, 11, 18, 24, 26, 28, 30, 44, 45, 46, 47, 48, 49, 53, 69, 70, 71, 72, 73, 74, 75, 76, 78, 92, 93, 94, 95, 96, 98, 107, 108, 109, 113, 115, 116], "summary": {"covered_lines": 38, "num_statements": 42, "percent_covered": 90.47619047619048, "percent_covered_display": "90", "missing_lines": 4, "excluded_lines": 0, "percent_statements_covered": 90.47619047619048, "percent_statements_covered_display": "90"}, "missing_lines": [50, 51, 110, 111], "excluded_lines": [], "functions": {"StorageBackend.__init__": {"executed_lines": [24], "summary": {"covered_lines": 1, "num_statements": 1, "percent_covered": 100.0, "percent_covered_display": "100", "missing_lines": 0, "excluded_lines": 0, "percent_statements_covered": 100.0, "percent_statements_covered_display": "100"}, "missing_lines": [], "excluded_lines": [], "start_line": 18}, "StorageBackend._resolve_path": {"executed_lines": [28], "summary": {"covered_lines": 1, "num_statements": 1, "percent_covered": 100.0, "percent_covered_display": "100", "missing_lines": 0, "excluded_lines": 0, "percent_statements_covered": 100.0, "percent_statements_covered_display": "100"}, "missing_lines": [], "excluded_lines": [], "start_line": 26}, "StorageBackend.scan_parquet": {"executed_lines": [44, 45, 46, 47, 48, 49], "summary": {"covered_lines": 6, "num_statements": 8, "percent_covered": 75.0, "percent_covered_display": "75", "missing_lines": 2, "excluded_lines": 0, "percent_statements_covered": 75.0, "percent_statements_covered_display": "75"}, "missing_lines": [50, 51], "excluded_lines": [], "start_line": 30}, "StorageBackend.read_parquet": {"executed_lines": [69, 70, 71, 72, 73, 74, 75, 76], "summary": {"covered_lines": 8, "num_statements": 8, "percent_covered": 100.0, "percent_covered_display": "100", "missing_lines": 0, "excluded_lines": 0, "percent_statements_covered": 100.0, "percent_statements_covered_display": "100"}, "missing_lines": [], "excluded_lines": [], "start_line": 53}, "StorageBackend.read_ipc": {"executed_lines": [92, 93, 94, 95, 96], "summary": {"covered_lines": 5, "num_statements": 5, "percent_covered": 100.0, "percent_covered_display": "100", "missing_lines": 0, "excluded_lines": 0, "percent_statements_covered": 100.0, "percent_statements_covered_display": "100"}, "missing_lines": [], "excluded_lines": [], "start_line": 78}, "StorageBackend.scan_ipc": {"executed_lines": [107, 108, 109], "summary": {"covered_lines": 3, "num_statements": 5, "percent_covered": 60.0, "percent_covered_display": "60", "missing_lines": 2, "excluded_lines": 0, "percent_statements_covered": 60.0, "percent_statements_covered_display": "60"}, "missing_lines": [110, 111], "excluded_lines": [], "start_line": 98}, "StorageBackend.exists": {"executed_lines": [115, 116], "summary": {"covered_lines": 2, "num_statements": 2, "percent_covered": 100.0, "percent_covered_display": "100", "missing_lines": 0, "excluded_lines": 0, "percent_statements_covered": 100.0, "percent_statements_covered_display": "100"}, "missing_lines": [], "excluded_lines": [], "start_line": 113}, "": {"executed_lines": [3, 4, 6, 8, 11, 18, 26, 30, 53, 78, 98, 113], "summary": {"covered_lines": 12, "num_statements": 12, "percent_covered": 100.0, "percent_covered_display": "100", "missing_lines": 0, "excluded_lines": 0, "percent_statements_covered": 100.0, "percent_statements_covered_display": "100"}, "missing_lines": [], "excluded_lines": [], "start_line": 1}}, "classes": {"StorageBackend": {"executed_lines": [24, 28, 44, 45, 46, 47, 48, 49, 69, 70, 71, 72, 73, 74, 75, 76, 92, 93, 94, 95, 96, 107, 108, 109, 115, 116], "summary": {"covered_lines": 26, "num_statements": 30, "percent_covered": 86.66666666666667, "percent_covered_display": "87", "missing_lines": 4, "excluded_lines": 0, "percent_statements_covered": 86.66666666666667, "percent_statements_covered_display": "87"}, "missing_lines": [50, 51, 110, 111], "excluded_lines": [], "start_line": 11}, "": {"executed_lines": [3, 4, 6, 8, 11, 18, 26, 30, 53, 78, 98, 113], "summary": {"covered_lines": 12, "num_statements": 12, "percent_covered": 100.0, "percent_covered_display": "100", "missing_lines": 0, "excluded_lines": 0, "percent_statements_covered": 100.0, "percent_statements_covered_display": "100"}, "missing_lines": [], "excluded_lines": [], "start_line": 1}}}, "src/alphalab/api/client.py": {"executed_lines": [3, 5, 6, 7, 9, 11, 12, 13, 14, 15, 21, 36, 37, 40, 41, 42, 43, 45, 46, 50, 51, 55, 65, 67, 87, 89, 90, 95, 96, 97, 98, 100, 101, 104, 106, 107, 112, 113, 116, 120, 121, 126, 127, 128, 129, 130, 131, 133, 134, 135, 136, 137, 138, 140, 142, 144, 145, 147, 148, 149, 150, 151, 152, 153, 154, 155, 156, 158, 159, 160, 162, 185, 186, 188, 190, 193, 194, 197, 200, 201, 202, 204, 205, 207, 209, 210, 211, 212, 213, 214, 216, 219, 220, 222, 223], "summary": {"covered_lines": 95, "num_statements": 103, "percent_covered": 92.23300970873787, "percent_covered_display": "92", "missing_lines": 8, "excluded_lines": 2, "percent_statements_covered": 92.23300970873787, "percent_statements_covered_display": "92"}, "missing_lines": [38, 48, 53, 105, 109, 117, 189, 191], "excluded_lines": [17, 18], "functions": {"AlphaLabClient.__init__": {"executed_lines": [37, 40, 41, 42, 43], "summary": {"covered_lines": 5, "num_statements": 6, "percent_covered": 83.33333333333333, "percent_covered_display": "83", "missing_lines": 1, "excluded_lines": 0, "percent_statements_covered": 83.33333333333333, "percent_statements_covered_display": "83"}, "missing_lines": [38], "excluded_lines": [], "start_line": 36}, "AlphaLabClient.security_master": {"executed_lines": [], "summary": {"covered_lines": 0, "num_statements": 1, "percent_covered": 0.0, "percent_covered_display": "0", "missing_lines": 1, "excluded_lines": 0, "percent_statements_covered": 0.0, "percent_statements_covered_display": "0"}, "missing_lines": [48], "excluded_lines": [], "start_line": 46}, "AlphaLabClient.calendar_master": {"executed_lines": [], "summary": {"covered_lines": 0, "num_statements": 1, "percent_covered": 0.0, "percent_covered_display": "0", "missing_lines": 1, "excluded_lines": 0, "percent_statements_covered": 0.0, "percent_statements_covered_display": "0"}, "missing_lines": [53], "excluded_lines": [], "start_line": 51}, "AlphaLabClient.lookup": {"executed_lines": [65], "summary": {"covered_lines": 1, "num_statements": 1, "percent_covered": 100.0, "percent_covered_display": "100", "missing_lines": 0, "excluded_lines": 0, "percent_statements_covered": 100.0, "percent_statements_covered_display": "100"}, "missing_lines": [], "excluded_lines": [], "start_line": 55}, "AlphaLabClient.get": {"executed_lines": [87, 89, 90, 95, 96, 97, 98, 100, 101, 104, 106, 107, 112, 113, 116, 120, 121, 126, 127, 128, 129, 130, 131, 133, 134, 135, 136, 137, 138, 140], "summary": {"covered_lines": 30, "num_statements": 33, "percent_covered": 90.9090909090909, "percent_covered_display": "91", "missing_lines": 3, "excluded_lines": 0, "percent_statements_covered": 90.9090909090909, "percent_statements_covered_display": "91"}, "missing_lines": [105, 109, 117], "excluded_lines": [], "start_line": 67}, "AlphaLabClient._extract_field_refs": {"executed_lines": [144, 145, 147, 148, 149, 150, 151, 152, 153, 154, 155, 156, 158, 159, 160], "summary": {"covered_lines": 15, "num_statements": 15, "percent_covered": 100.0, "percent_covered_display": "100", "missing_lines": 0, "excluded_lines": 0, "percent_statements_covered": 100.0, "percent_statements_covered_display": "100"}, "missing_lines": [], "excluded_lines": [], "start_line": 142}, "AlphaLabClient.query": {"executed_lines": [185, 186, 188, 190, 193, 194, 197, 200, 201, 202, 204, 205], "summary": {"covered_lines": 12, "num_statements": 14, "percent_covered": 85.71428571428571, "percent_covered_display": "86", "missing_lines": 2, "excluded_lines": 0, "percent_statements_covered": 85.71428571428571, "percent_statements_covered_display": "86"}, "missing_lines": [189, 191], "excluded_lines": [], "start_line": 162}, "AlphaLabClient.universe": {"executed_lines": [209, 210, 211, 212, 213, 214], "summary": {"covered_lines": 6, "num_statements": 6, "percent_covered": 100.0, "percent_covered_display": "100", "missing_lines": 0, "excluded_lines": 0, "percent_statements_covered": 100.0, "percent_statements_covered_display": "100"}, "missing_lines": [], "excluded_lines": [], "start_line": 207}, "AlphaLabClient.close": {"executed_lines": [], "summary": {"covered_lines": 0, "num_statements": 0, "percent_covered": 100.0, "percent_covered_display": "100", "missing_lines": 0, "excluded_lines": 0, "percent_statements_covered": 100.0, "percent_statements_covered_display": "100"}, "missing_lines": [], "excluded_lines": [], "start_line": 216}, "AlphaLabClient.__enter__": {"executed_lines": [220], "summary": {"covered_lines": 1, "num_statements": 1, "percent_covered": 100.0, "percent_covered_display": "100", "missing_lines": 0, "excluded_lines": 0, "percent_statements_covered": 100.0, "percent_statements_covered_display": "100"}, "missing_lines": [], "excluded_lines": [], "start_line": 219}, "AlphaLabClient.__exit__": {"executed_lines": [223], "summary": {"covered_lines": 1, "num_statements": 1, "percent_covered": 100.0, "percent_covered_display": "100", "missing_lines": 0, "excluded_lines": 0, "percent_statements_covered": 100.0, "percent_statements_covered_display": "100"}, "missing_lines": [], "excluded_lines": [], "start_line": 222}, "": {"executed_lines": [3, 5, 6, 7, 9, 11, 12, 13, 14, 15, 21, 36, 45, 46, 50, 51, 55, 67, 142, 162, 207, 216, 219, 222], "summary": {"covered_lines": 24, "num_statements": 24, "percent_covered": 100.0, "percent_covered_display": "100", "missing_lines": 0, "excluded_lines": 2, "percent_statements_covered": 100.0, "percent_statements_covered_display": "100"}, "missing_lines": [], "excluded_lines": [17, 18], "start_line": 1}}, "classes": {"AlphaLabClient": {"executed_lines": [37, 40, 41, 42, 43, 65, 87, 89, 90, 95, 96, 97, 98, 100, 101, 104, 106, 107, 112, 113, 116, 120, 121, 126, 127, 128, 129, 130, 131, 133, 134, 135, 136, 137, 138, 140, 144, 145, 147, 148, 149, 150, 151, 152, 153, 154, 155, 156, 158, 159, 160, 185, 186, 188, 190, 193, 194, 197, 200, 201, 202, 204, 205, 209, 210, 211, 212, 213, 214, 220, 223], "summary": {"covered_lines": 71, "num_statements": 79, "percent_covered": 89.87341772151899, "percent_covered_display": "90", "missing_lines": 8, "excluded_lines": 0, "percent_statements_covered": 89.87341772151899, "percent_statements_covered_display": "90"}, "missing_lines": [38, 48, 53, 105, 109, 117, 189, 191], "excluded_lines": [], "start_line": 21}, "": {"executed_lines": [3, 5, 6, 7, 9, 11, 12, 13, 14, 15, 21, 36, 45, 46, 50, 51, 55, 67, 142, 162, 207, 216, 219, 222], "summary": {"covered_lines": 24, "num_statements": 24, "percent_covered": 100.0, "percent_covered_display": "100", "missing_lines": 0, "excluded_lines": 2, "percent_statements_covered": 100.0, "percent_statements_covered_display": "100"}, "missing_lines": [], "excluded_lines": [17, 18], "start_line": 1}}}, "src/alphalab/api/data/__init__.py": {"executed_lines": [], "summary": {"covered_lines": 0, "num_statements": 0, "percent_covered": 100.0, "percent_covered_display": "100", "missing_lines": 0, "excluded_lines": 0, "percent_statements_covered": 100.0, "percent_statements_covered_display": "100"}, "missing_lines": [], "excluded_lines": [], "functions": {"": {"executed_lines": [], "summary": {"covered_lines": 0, "num_statements": 0, "percent_covered": 100.0, "percent_covered_display": "100", "missing_lines": 0, "excluded_lines": 0, "percent_statements_covered": 100.0, "percent_statements_covered_display": "100"}, "missing_lines": [], "excluded_lines": [], "start_line": 1}}, "classes": {"": {"executed_lines": [], "summary": {"covered_lines": 0, "num_statements": 0, "percent_covered": 100.0, "percent_covered_display": "100", "missing_lines": 0, "excluded_lines": 0, "percent_statements_covered": 100.0, "percent_statements_covered_display": "100"}, "missing_lines": [], "excluded_lines": [], "start_line": 1}}}, "src/alphalab/api/data/calendar_master.py": {"executed_lines": [3, 5, 7, 10, 17, 19, 20, 21, 22, 24, 26, 27, 28, 29, 30, 31, 33, 42, 43, 45, 55, 56, 57, 58], "summary": {"covered_lines": 24, "num_statements": 24, "percent_covered": 100.0, "percent_covered_display": "100", "missing_lines": 0, "excluded_lines": 0, "percent_statements_covered": 100.0, "percent_statements_covered_display": "100"}, "missing_lines": [], "excluded_lines": [], "functions": {"CalendarMaster.__init__": {"executed_lines": [20, 21, 22], "summary": {"covered_lines": 3, "num_statements": 3, "percent_covered": 100.0, "percent_covered_display": "100", "missing_lines": 0, "excluded_lines": 0, "percent_statements_covered": 100.0, "percent_statements_covered_display": "100"}, "missing_lines": [], "excluded_lines": [], "start_line": 19}, "CalendarMaster._load": {"executed_lines": [26, 27, 28, 29, 30, 31], "summary": {"covered_lines": 6, "num_statements": 6, "percent_covered": 100.0, "percent_covered_display": "100", "missing_lines": 0, "excluded_lines": 0, "percent_statements_covered": 100.0, "percent_statements_covered_display": "100"}, "missing_lines": [], "excluded_lines": [], "start_line": 24}, "CalendarMaster.is_trading_day": {"executed_lines": [42, 43], "summary": {"covered_lines": 2, "num_statements": 2, "percent_covered": 100.0, "percent_covered_display": "100", "missing_lines": 0, "excluded_lines": 0, "percent_statements_covered": 100.0, "percent_statements_covered_display": "100"}, "missing_lines": [], "excluded_lines": [], "start_line": 33}, "CalendarMaster.get_trading_days": {"executed_lines": [55, 56, 57, 58], "summary": {"covered_lines": 4, "num_statements": 4, "percent_covered": 100.0, "percent_covered_display": "100", "missing_lines": 0, "excluded_lines": 0, "percent_statements_covered": 100.0, "percent_statements_covered_display": "100"}, "missing_lines": [], "excluded_lines": [], "start_line": 45}, "": {"executed_lines": [3, 5, 7, 10, 17, 19, 24, 33, 45], "summary": {"covered_lines": 9, "num_statements": 9, "percent_covered": 100.0, "percent_covered_display": "100", "missing_lines": 0, "excluded_lines": 0, "percent_statements_covered": 100.0, "percent_statements_covered_display": "100"}, "missing_lines": [], "excluded_lines": [], "start_line": 1}}, "classes": {"CalendarMaster": {"executed_lines": [20, 21, 22, 26, 27, 28, 29, 30, 31, 42, 43, 55, 56, 57, 58], "summary": {"covered_lines": 15, "num_statements": 15, "percent_covered": 100.0, "percent_covered_display": "100", "missing_lines": 0, "excluded_lines": 0, "percent_statements_covered": 100.0, "percent_statements_covered_display": "100"}, "missing_lines": [], "excluded_lines": [], "start_line": 10}, "": {"executed_lines": [3, 5, 7, 10, 17, 19, 24, 33, 45], "summary": {"covered_lines": 9, "num_statements": 9, "percent_covered": 100.0, "percent_covered_display": "100", "missing_lines": 0, "excluded_lines": 0, "percent_statements_covered": 100.0, "percent_statements_covered_display": "100"}, "missing_lines": [], "excluded_lines": [], "start_line": 1}}}, "src/alphalab/api/data/security_master.py": {"executed_lines": [3, 5, 7, 8, 11, 18, 20, 21, 22, 24, 26, 27, 28, 29, 31, 33, 46, 63, 65, 66, 67, 71, 72, 74, 75, 76, 78, 79, 81, 86, 87, 88, 90, 92, 106, 108, 110, 111, 112, 113, 114, 115, 117, 133, 134, 136, 139, 143, 151], "summary": {"covered_lines": 49, "num_statements": 52, "percent_covered": 94.23076923076923, "percent_covered_display": "94", "missing_lines": 3, "excluded_lines": 0, "percent_statements_covered": 94.23076923076923, "percent_statements_covered_display": "94"}, "missing_lines": [73, 82, 83], "excluded_lines": [], "functions": {"SecurityMaster.__init__": {"executed_lines": [21, 22], "summary": {"covered_lines": 2, "num_statements": 2, "percent_covered": 100.0, "percent_covered_display": "100", "missing_lines": 0, "excluded_lines": 0, "percent_statements_covered": 100.0, "percent_statements_covered_display": "100"}, "missing_lines": [], "excluded_lines": [], "start_line": 20}, "SecurityMaster._load": {"executed_lines": [26, 27, 28, 29], "summary": {"covered_lines": 4, "num_statements": 4, "percent_covered": 100.0, "percent_covered_display": "100", "missing_lines": 0, "excluded_lines": 0, "percent_statements_covered": 100.0, "percent_statements_covered_display": "100"}, "missing_lines": [], "excluded_lines": [], "start_line": 24}, "SecurityMaster._to_security_info": {"executed_lines": [33], "summary": {"covered_lines": 1, "num_statements": 1, "percent_covered": 100.0, "percent_covered_display": "100", "missing_lines": 0, "excluded_lines": 0, "percent_statements_covered": 100.0, "percent_statements_covered_display": "100"}, "missing_lines": [], "excluded_lines": [], "start_line": 31}, "SecurityMaster.resolve": {"executed_lines": [63, 65, 66, 67, 71, 72, 74, 75, 76, 78, 79, 81, 86, 87, 88, 90], "summary": {"covered_lines": 16, "num_statements": 19, "percent_covered": 84.21052631578948, "percent_covered_display": "84", "missing_lines": 3, "excluded_lines": 0, "percent_statements_covered": 84.21052631578948, "percent_statements_covered_display": "84"}, "missing_lines": [73, 82, 83], "excluded_lines": [], "start_line": 46}, "SecurityMaster.resolve_batch": {"executed_lines": [106], "summary": {"covered_lines": 1, "num_statements": 1, "percent_covered": 100.0, "percent_covered_display": "100", "missing_lines": 0, "excluded_lines": 0, "percent_statements_covered": 100.0, "percent_statements_covered_display": "100"}, "missing_lines": [], "excluded_lines": [], "start_line": 92}, "SecurityMaster.get_by_security_id": {"executed_lines": [110, 111, 112, 113, 114, 115], "summary": {"covered_lines": 6, "num_statements": 6, "percent_covered": 100.0, "percent_covered_display": "100", "missing_lines": 0, "excluded_lines": 0, "percent_statements_covered": 100.0, "percent_statements_covered_display": "100"}, "missing_lines": [], "excluded_lines": [], "start_line": 108}, "SecurityMaster.search": {"executed_lines": [133, 134, 136, 139, 143, 151], "summary": {"covered_lines": 6, "num_statements": 6, "percent_covered": 100.0, "percent_covered_display": "100", "missing_lines": 0, "excluded_lines": 0, "percent_statements_covered": 100.0, "percent_statements_covered_display": "100"}, "missing_lines": [], "excluded_lines": [], "start_line": 117}, "": {"executed_lines": [3, 5, 7, 8, 11, 18, 20, 24, 31, 46, 92, 108, 117], "summary": {"covered_lines": 13, "num_statements": 13, "percent_covered": 100.0, "percent_covered_display": "100", "missing_lines": 0, "excluded_lines": 0, "percent_statements_covered": 100.0, "percent_statements_covered_display": "100"}, "missing_lines": [], "excluded_lines": [], "start_line": 1}}, "classes": {"SecurityMaster": {"executed_lines": [21, 22, 26, 27, 28, 29, 33, 63, 65, 66, 67, 71, 72, 74, 75, 76, 78, 79, 81, 86, 87, 88, 90, 106, 110, 111, 112, 113, 114, 115, 133, 134, 136, 139, 143, 151], "summary": {"covered_lines": 36, "num_statements": 39, "percent_covered": 92.3076923076923, "percent_covered_display": "92", "missing_lines": 3, "excluded_lines": 0, "percent_statements_covered": 92.3076923076923, "percent_statements_covered_display": "92"}, "missing_lines": [73, 82, 83], "excluded_lines": [], "start_line": 11}, "": {"executed_lines": [3, 5, 7, 8, 11, 18, 20, 24, 31, 46, 92, 108, 117], "summary": {"covered_lines": 13, "num_statements": 13, "percent_covered": 100.0, "percent_covered_display": "100", "missing_lines": 0, "excluded_lines": 0, "percent_statements_covered": 100.0, "percent_statements_covered_display": "100"}, "missing_lines": [], "excluded_lines": [], "start_line": 1}}}, "src/alphalab/api/exceptions.py": {"executed_lines": [4, 8, 11, 12, 13, 14, 15, 16, 17, 20, 23, 24, 25, 26, 29, 32, 33, 34, 35, 36, 37, 38, 39, 42, 46], "summary": {"covered_lines": 25, "num_statements": 25, "percent_covered": 100.0, "percent_covered_display": "100", "missing_lines": 0, "excluded_lines": 0, "percent_statements_covered": 100.0, "percent_statements_covered_display": "100"}, "missing_lines": [], "excluded_lines": [], "functions": {"SecurityNotFoundError.__init__": {"executed_lines": [12, 13, 14, 15, 16, 17], "summary": {"covered_lines": 6, "num_statements": 6, "percent_covered": 100.0, "percent_covered_display": "100", "missing_lines": 0, "excluded_lines": 0, "percent_statements_covered": 100.0, "percent_statements_covered_display": "100"}, "missing_lines": [], "excluded_lines": [], "start_line": 11}, "DataNotFoundError.__init__": {"executed_lines": [24, 25, 26], "summary": {"covered_lines": 3, "num_statements": 3, "percent_covered": 100.0, "percent_covered_display": "100", "missing_lines": 0, "excluded_lines": 0, "percent_statements_covered": 100.0, "percent_statements_covered_display": "100"}, "missing_lines": [], "excluded_lines": [], "start_line": 23}, "StorageError.__init__": {"executed_lines": [33, 34, 35, 36, 37, 38, 39], "summary": {"covered_lines": 7, "num_statements": 7, "percent_covered": 100.0, "percent_covered_display": "100", "missing_lines": 0, "excluded_lines": 0, "percent_statements_covered": 100.0, "percent_statements_covered_display": "100"}, "missing_lines": [], "excluded_lines": [], "start_line": 32}, "": {"executed_lines": [4, 8, 11, 20, 23, 29, 32, 42, 46], "summary": {"covered_lines": 9, "num_statements": 9, "percent_covered": 100.0, "percent_covered_display": "100", "missing_lines": 0, "excluded_lines": 0, "percent_statements_covered": 100.0, "percent_statements_covered_display": "100"}, "missing_lines": [], "excluded_lines": [], "start_line": 1}}, "classes": {"AlphaLabError": {"executed_lines": [], "summary": {"covered_lines": 0, "num_statements": 0, "percent_covered": 100.0, "percent_covered_display": "100", "missing_lines": 0, "excluded_lines": 0, "percent_statements_covered": 100.0, "percent_statements_covered_display": "100"}, "missing_lines": [], "excluded_lines": [], "start_line": 4}, "SecurityNotFoundError": {"executed_lines": [12, 13, 14, 15, 16, 17], "summary": {"covered_lines": 6, "num_statements": 6, "percent_covered": 100.0, "percent_covered_display": "100", "missing_lines": 0, "excluded_lines": 0, "percent_statements_covered": 100.0, "percent_statements_covered_display": "100"}, "missing_lines": [], "excluded_lines": [], "start_line": 8}, "DataNotFoundError": {"executed_lines": [24, 25, 26], "summary": {"covered_lines": 3, "num_statements": 3, "percent_covered": 100.0, "percent_covered_display": "100", "missing_lines": 0, "excluded_lines": 0, "percent_statements_covered": 100.0, "percent_statements_covered_display": "100"}, "missing_lines": [], "excluded_lines": [], "start_line": 20}, "StorageError": {"executed_lines": [33, 34, 35, 36, 37, 38, 39], "summary": {"covered_lines": 7, "num_statements": 7, "percent_covered": 100.0, "percent_covered_display": "100", "missing_lines": 0, "excluded_lines": 0, "percent_statements_covered": 100.0, "percent_statements_covered_display": "100"}, "missing_lines": [], "excluded_lines": [], "start_line": 29}, "ConfigurationError": {"executed_lines": [], "summary": {"covered_lines": 0, "num_statements": 0, "percent_covered": 100.0, "percent_covered_display": "100", "missing_lines": 0, "excluded_lines": 0, "percent_statements_covered": 100.0, "percent_statements_covered_display": "100"}, "missing_lines": [], "excluded_lines": [], "start_line": 42}, "ValidationError": {"executed_lines": [], "summary": {"covered_lines": 0, "num_statements": 0, "percent_covered": 100.0, "percent_covered_display": "100", "missing_lines": 0, "excluded_lines": 0, "percent_statements_covered": 100.0, "percent_statements_covered_display": "100"}, "missing_lines": [], "excluded_lines": [], "start_line": 46}, "": {"executed_lines": [4, 8, 11, 20, 23, 29, 32, 42, 46], "summary": {"covered_lines": 9, "num_statements": 9, "percent_covered": 100.0, "percent_covered_display": "100", "missing_lines": 0, "excluded_lines": 0, "percent_statements_covered": 100.0, "percent_statements_covered_display": "100"}, "missing_lines": [], "excluded_lines": [], "start_line": 1}}}, "src/alphalab/api/operators/__init__.py": {"executed_lines": [22, 39, 48, 56, 69, 97, 98, 100], "summary": {"covered_lines": 8, "num_statements": 8, "percent_covered": 100.0, "percent_covered_display": "100", "missing_lines": 0, "excluded_lines": 0, "percent_statements_covered": 100.0, "percent_statements_covered_display": "100"}, "missing_lines": [], "excluded_lines": [], "functions": {"": {"executed_lines": [22, 39, 48, 56, 69, 97, 98, 100], "summary": {"covered_lines": 8, "num_statements": 8, "percent_covered": 100.0, "percent_covered_display": "100", "missing_lines": 0, "excluded_lines": 0, "percent_statements_covered": 100.0, "percent_statements_covered_display": "100"}, "missing_lines": [], "excluded_lines": [], "start_line": 1}}, "classes": {"": {"executed_lines": [22, 39, 48, 56, 69, 97, 98, 100], "summary": {"covered_lines": 8, "num_statements": 8, "percent_covered": 100.0, "percent_covered_display": "100", "missing_lines": 0, "excluded_lines": 0, "percent_statements_covered": 100.0, "percent_statements_covered_display": "100"}, "missing_lines": [], "excluded_lines": [], "start_line": 1}}}, "src/alphalab/api/operators/arithmetic.py": {"executed_lines": [11, 12, 14, 17, 19, 22, 24, 27, 36, 37, 38, 39, 44, 47, 57, 58, 60, 61, 63, 64, 65, 66, 74, 78, 81, 92, 93, 95, 96, 103, 109, 119, 120, 123, 124, 125, 126, 127, 128, 131, 132, 133, 136, 137, 142, 144, 145, 147, 151, 152, 160, 164, 167, 179, 180, 182, 194, 205, 206, 208, 220, 231, 232, 234, 246, 266, 267, 270, 271, 273, 274, 276, 285, 305, 306, 309, 310, 312, 313, 315, 324, 336, 337, 340, 341, 342, 343, 344, 349, 350, 353, 360, 366, 380, 381, 384, 385, 388, 391, 402, 403, 405, 417, 428, 429, 430, 431, 433, 439, 448, 449, 451, 457, 469, 470, 473, 481, 486, 488], "summary": {"covered_lines": 119, "num_statements": 120, "percent_covered": 99.16666666666667, "percent_covered_display": "99", "missing_lines": 1, "excluded_lines": 0, "percent_statements_covered": 99.16666666666667, "percent_statements_covered_display": "99"}, "missing_lines": [354], "excluded_lines": [], "functions": {"_get_value_cols": {"executed_lines": [19], "summary": {"covered_lines": 1, "num_statements": 1, "percent_covered": 100.0, "percent_covered_display": "100", "missing_lines": 0, "excluded_lines": 0, "percent_statements_covered": 100.0, "percent_statements_covered_display": "100"}, "missing_lines": [], "excluded_lines": [], "start_line": 17}, "_has_dataframe": {"executed_lines": [24], "summary": {"covered_lines": 1, "num_statements": 1, "percent_covered": 100.0, "percent_covered_display": "100", "missing_lines": 0, "excluded_lines": 0, "percent_statements_covered": 100.0, "percent_statements_covered_display": "100"}, "missing_lines": [], "excluded_lines": [], "start_line": 22}, "abs": {"executed_lines": [36, 37, 38, 39, 44], "summary": {"covered_lines": 5, "num_statements": 5, "percent_covered": 100.0, "percent_covered_display": "100", "missing_lines": 0, "excluded_lines": 0, "percent_statements_covered": 100.0, "percent_statements_covered_display": "100"}, "missing_lines": [], "excluded_lines": [], "start_line": 27}, "add": {"executed_lines": [57, 58, 60, 61, 63, 64, 65, 66, 74, 78], "summary": {"covered_lines": 10, "num_statements": 10, "percent_covered": 100.0, "percent_covered_display": "100", "missing_lines": 0, "excluded_lines": 0, "percent_statements_covered": 100.0, "percent_statements_covered_display": "100"}, "missing_lines": [], "excluded_lines": [], "start_line": 47}, "subtract": {"executed_lines": [92, 93, 95, 96, 103], "summary": {"covered_lines": 5, "num_statements": 5, "percent_covered": 100.0, "percent_covered_display": "100", "missing_lines": 0, "excluded_lines": 0, "percent_statements_covered": 100.0, "percent_statements_covered_display": "100"}, "missing_lines": [], "excluded_lines": [], "start_line": 81}, "multiply": {"executed_lines": [119, 120, 123, 124, 125, 126, 127, 128, 131, 132, 133, 136, 137, 142, 144, 145, 147, 151, 152, 160, 164], "summary": {"covered_lines": 21, "num_statements": 21, "percent_covered": 100.0, "percent_covered_display": "100", "missing_lines": 0, "excluded_lines": 0, "percent_statements_covered": 100.0, "percent_statements_covered_display": "100"}, "missing_lines": [], "excluded_lines": [], "start_line": 109}, "divide": {"executed_lines": [179, 180, 182], "summary": {"covered_lines": 3, "num_statements": 3, "percent_covered": 100.0, "percent_covered_display": "100", "missing_lines": 0, "excluded_lines": 0, "percent_statements_covered": 100.0, "percent_statements_covered_display": "100"}, "missing_lines": [], "excluded_lines": [], "start_line": 167}, "inverse": {"executed_lines": [205, 206, 208], "summary": {"covered_lines": 3, "num_statements": 3, "percent_covered": 100.0, "percent_covered_display": "100", "missing_lines": 0, "excluded_lines": 0, "percent_statements_covered": 100.0, "percent_statements_covered_display": "100"}, "missing_lines": [], "excluded_lines": [], "start_line": 194}, "log": {"executed_lines": [231, 232, 234], "summary": {"covered_lines": 3, "num_statements": 3, "percent_covered": 100.0, "percent_covered_display": "100", "missing_lines": 0, "excluded_lines": 0, "percent_statements_covered": 100.0, "percent_statements_covered_display": "100"}, "missing_lines": [], "excluded_lines": [], "start_line": 220}, "max": {"executed_lines": [266, 267, 270, 271, 273, 274, 276], "summary": {"covered_lines": 7, "num_statements": 7, "percent_covered": 100.0, "percent_covered_display": "100", "missing_lines": 0, "excluded_lines": 0, "percent_statements_covered": 100.0, "percent_statements_covered_display": "100"}, "missing_lines": [], "excluded_lines": [], "start_line": 246}, "min": {"executed_lines": [305, 306, 309, 310, 312, 313, 315], "summary": {"covered_lines": 7, "num_statements": 7, "percent_covered": 100.0, "percent_covered_display": "100", "missing_lines": 0, "excluded_lines": 0, "percent_statements_covered": 100.0, "percent_statements_covered_display": "100"}, "missing_lines": [], "excluded_lines": [], "start_line": 285}, "power": {"executed_lines": [336, 337, 340, 341, 342, 343, 344, 349, 350, 353, 360], "summary": {"covered_lines": 11, "num_statements": 12, "percent_covered": 91.66666666666667, "percent_covered_display": "92", "missing_lines": 1, "excluded_lines": 0, "percent_statements_covered": 91.66666666666667, "percent_statements_covered_display": "92"}, "missing_lines": [354], "excluded_lines": [], "start_line": 324}, "signed_power": {"executed_lines": [380, 381, 384, 385, 388], "summary": {"covered_lines": 5, "num_statements": 5, "percent_covered": 100.0, "percent_covered_display": "100", "missing_lines": 0, "excluded_lines": 0, "percent_statements_covered": 100.0, "percent_statements_covered_display": "100"}, "missing_lines": [], "excluded_lines": [], "start_line": 366}, "sqrt": {"executed_lines": [402, 403, 405], "summary": {"covered_lines": 3, "num_statements": 3, "percent_covered": 100.0, "percent_covered_display": "100", "missing_lines": 0, "excluded_lines": 0, "percent_statements_covered": 100.0, "percent_statements_covered_display": "100"}, "missing_lines": [], "excluded_lines": [], "start_line": 391}, "sign": {"executed_lines": [428, 429, 430, 431, 433], "summary": {"covered_lines": 5, "num_statements": 5, "percent_covered": 100.0, "percent_covered_display": "100", "missing_lines": 0, "excluded_lines": 0, "percent_statements_covered": 100.0, "percent_statements_covered_display": "100"}, "missing_lines": [], "excluded_lines": [], "start_line": 417}, "reverse": {"executed_lines": [448, 449, 451], "summary": {"covered_lines": 3, "num_statements": 3, "percent_covered": 100.0, "percent_covered_display": "100", "missing_lines": 0, "excluded_lines": 0, "percent_statements_covered": 100.0, "percent_statements_covered_display": "100"}, "missing_lines": [], "excluded_lines": [], "start_line": 439}, "densify": {"executed_lines": [469, 470, 473, 481, 486, 488], "summary": {"covered_lines": 6, "num_statements": 6, "percent_covered": 100.0, "percent_covered_display": "100", "missing_lines": 0, "excluded_lines": 0, "percent_statements_covered": 100.0, "percent_statements_covered_display": "100"}, "missing_lines": [], "excluded_lines": [], "start_line": 457}, "": {"executed_lines": [11, 12, 14, 17, 22, 27, 47, 81, 109, 167, 194, 220, 246, 285, 324, 366, 391, 417, 439, 457], "summary": {"covered_lines": 20, "num_statements": 20, "percent_covered": 100.0, "percent_covered_display": "100", "missing_lines": 0, "excluded_lines": 0, "percent_statements_covered": 100.0, "percent_statements_covered_display": "100"}, "missing_lines": [], "excluded_lines": [], "start_line": 1}}, "classes": {"": {"executed_lines": [11, 12, 14, 17, 19, 22, 24, 27, 36, 37, 38, 39, 44, 47, 57, 58, 60, 61, 63, 64, 65, 66, 74, 78, 81, 92, 93, 95, 96, 103, 109, 119, 120, 123, 124, 125, 126, 127, 128, 131, 132, 133, 136, 137, 142, 144, 145, 147, 151, 152, 160, 164, 167, 179, 180, 182, 194, 205, 206, 208, 220, 231, 232, 234, 246, 266, 267, 270, 271, 273, 274, 276, 285, 305, 306, 309, 310, 312, 313, 315, 324, 336, 337, 340, 341, 342, 343, 344, 349, 350, 353, 360, 366, 380, 381, 384, 385, 388, 391, 402, 403, 405, 417, 428, 429, 430, 431, 433, 439, 448, 449, 451, 457, 469, 470, 473, 481, 486, 488], "summary": {"covered_lines": 119, "num_statements": 120, "percent_covered": 99.16666666666667, "percent_covered_display": "99", "missing_lines": 1, "excluded_lines": 0, "percent_statements_covered": 99.16666666666667, "percent_statements_covered_display": "99"}, "missing_lines": [354], "excluded_lines": [], "start_line": 1}}}, "src/alphalab/api/operators/cross_sectional.py": {"executed_lines": [8, 9, 10, 13, 15, 19, 22, 32, 33, 35, 36, 37, 38, 41, 43, 46, 47, 48, 49, 52, 55, 56, 57, 59, 62, 73, 74, 76, 77, 78, 79, 81, 84, 85, 88, 91, 92, 93, 94, 95, 96, 98, 100, 101, 102, 104, 107, 131, 132, 135, 144, 145, 147, 154, 162, 165, 168, 179, 182, 183, 187, 193, 227, 230, 232, 235, 239, 244, 245, 247, 258, 260, 266, 288, 290, 292, 293, 296, 301, 306, 307, 312, 315, 339, 340, 343, 351, 359, 361, 364, 380, 382, 383, 387, 388, 390, 396, 417, 418, 419, 421, 423, 424, 426, 431], "summary": {"covered_lines": 105, "num_statements": 105, "percent_covered": 100.0, "percent_covered_display": "100", "missing_lines": 0, "excluded_lines": 0, "percent_statements_covered": 100.0, "percent_statements_covered_display": "100"}, "missing_lines": [], "excluded_lines": [], "functions": {"_get_value_cols": {"executed_lines": [15], "summary": {"covered_lines": 1, "num_statements": 1, "percent_covered": 100.0, "percent_covered_display": "100", "missing_lines": 0, "excluded_lines": 0, "percent_statements_covered": 100.0, "percent_statements_covered_display": "100"}, "missing_lines": [], "excluded_lines": [], "start_line": 13}, "_bucket_rank": {"executed_lines": [32, 33, 35, 36, 37, 38, 41, 43, 46, 47, 48, 49, 52, 55, 56, 57, 59], "summary": {"covered_lines": 17, "num_statements": 17, "percent_covered": 100.0, "percent_covered_display": "100", "missing_lines": 0, "excluded_lines": 0, "percent_statements_covered": 100.0, "percent_statements_covered_display": "100"}, "missing_lines": [], "excluded_lines": [], "start_line": 22}, "_quantile_transform": {"executed_lines": [73, 74, 76, 77, 78, 79, 81, 84, 85, 88, 91, 92, 93, 94, 95, 96, 98, 100, 101, 102, 104], "summary": {"covered_lines": 21, "num_statements": 21, "percent_covered": 100.0, "percent_covered_display": "100", "missing_lines": 0, "excluded_lines": 0, "percent_statements_covered": 100.0, "percent_statements_covered_display": "100"}, "missing_lines": [], "excluded_lines": [], "start_line": 62}, "rank": {"executed_lines": [131, 132, 135, 144, 145, 147, 154, 162, 165], "summary": {"covered_lines": 9, "num_statements": 9, "percent_covered": 100.0, "percent_covered_display": "100", "missing_lines": 0, "excluded_lines": 0, "percent_statements_covered": 100.0, "percent_statements_covered_display": "100"}, "missing_lines": [], "excluded_lines": [], "start_line": 107}, "zscore": {"executed_lines": [179, 182, 183, 187], "summary": {"covered_lines": 4, "num_statements": 4, "percent_covered": 100.0, "percent_covered_display": "100", "missing_lines": 0, "excluded_lines": 0, "percent_statements_covered": 100.0, "percent_statements_covered_display": "100"}, "missing_lines": [], "excluded_lines": [], "start_line": 168}, "scale": {"executed_lines": [227, 230, 232, 235, 239, 244, 245, 247, 258, 260], "summary": {"covered_lines": 10, "num_statements": 10, "percent_covered": 100.0, "percent_covered_display": "100", "missing_lines": 0, "excluded_lines": 0, "percent_statements_covered": 100.0, "percent_statements_covered_display": "100"}, "missing_lines": [], "excluded_lines": [], "start_line": 193}, "normalize": {"executed_lines": [288, 290, 292, 293, 296, 301, 306, 307, 312], "summary": {"covered_lines": 9, "num_statements": 9, "percent_covered": 100.0, "percent_covered_display": "100", "missing_lines": 0, "excluded_lines": 0, "percent_statements_covered": 100.0, "percent_statements_covered_display": "100"}, "missing_lines": [], "excluded_lines": [], "start_line": 266}, "quantile": {"executed_lines": [339, 340, 343, 351, 359, 361], "summary": {"covered_lines": 6, "num_statements": 6, "percent_covered": 100.0, "percent_covered_display": "100", "missing_lines": 0, "excluded_lines": 0, "percent_statements_covered": 100.0, "percent_statements_covered_display": "100"}, "missing_lines": [], "excluded_lines": [], "start_line": 315}, "winsorize": {"executed_lines": [380, 382, 383, 387, 388, 390], "summary": {"covered_lines": 6, "num_statements": 6, "percent_covered": 100.0, "percent_covered_display": "100", "missing_lines": 0, "excluded_lines": 0, "percent_statements_covered": 100.0, "percent_statements_covered_display": "100"}, "missing_lines": [], "excluded_lines": [], "start_line": 364}, "bucket": {"executed_lines": [417, 418, 419, 421, 423, 424, 426, 431], "summary": {"covered_lines": 8, "num_statements": 8, "percent_covered": 100.0, "percent_covered_display": "100", "missing_lines": 0, "excluded_lines": 0, "percent_statements_covered": 100.0, "percent_statements_covered_display": "100"}, "missing_lines": [], "excluded_lines": [], "start_line": 396}, "": {"executed_lines": [8, 9, 10, 13, 19, 22, 62, 107, 168, 193, 266, 315, 364, 396], "summary": {"covered_lines": 14, "num_statements": 14, "percent_covered": 100.0, "percent_covered_display": "100", "missing_lines": 0, "excluded_lines": 0, "percent_statements_covered": 100.0, "percent_statements_covered_display": "100"}, "missing_lines": [], "excluded_lines": [], "start_line": 1}}, "classes": {"": {"executed_lines": [8, 9, 10, 13, 15, 19, 22, 32, 33, 35, 36, 37, 38, 41, 43, 46, 47, 48, 49, 52, 55, 56, 57, 59, 62, 73, 74, 76, 77, 78, 79, 81, 84, 85, 88, 91, 92, 93, 94, 95, 96, 98, 100, 101, 102, 104, 107, 131, 132, 135, 144, 145, 147, 154, 162, 165, 168, 179, 182, 183, 187, 193, 227, 230, 232, 235, 239, 244, 245, 247, 258, 260, 266, 288, 290, 292, 293, 296, 301, 306, 307, 312, 315, 339, 340, 343, 351, 359, 361, 364, 380, 382, 383, 387, 388, 390, 396, 417, 418, 419, 421, 423, 424, 426, 431], "summary": {"covered_lines": 105, "num_statements": 105, "percent_covered": 100.0, "percent_covered_display": "100", "missing_lines": 0, "excluded_lines": 0, "percent_statements_covered": 100.0, "percent_statements_covered_display": "100"}, "missing_lines": [], "excluded_lines": [], "start_line": 1}}}, "src/alphalab/api/operators/group.py": {"executed_lines": [8, 11, 13, 16, 24, 25, 27, 34, 41, 42, 45, 51, 52, 55, 65, 67, 72, 75, 85, 87, 93, 96, 106, 108, 115, 118, 130, 132, 142, 145, 162, 163, 165, 172, 179, 186, 190, 196, 199, 220, 221, 223, 230, 237, 239, 240, 242, 244, 245, 246, 247, 248, 250, 251, 256, 258, 259, 260, 262, 274, 275, 277, 278, 279, 280, 281, 282, 283, 284, 285, 289, 295, 296], "summary": {"covered_lines": 73, "num_statements": 74, "percent_covered": 98.64864864864865, "percent_covered_display": "99", "missing_lines": 1, "excluded_lines": 0, "percent_statements_covered": 98.64864864864865, "percent_statements_covered_display": "99"}, "missing_lines": [287], "excluded_lines": [], "functions": {"_get_value_cols": {"executed_lines": [13], "summary": {"covered_lines": 1, "num_statements": 1, "percent_covered": 100.0, "percent_covered_display": "100", "missing_lines": 0, "excluded_lines": 0, "percent_statements_covered": 100.0, "percent_statements_covered_display": "100"}, "missing_lines": [], "excluded_lines": [], "start_line": 11}, "_to_long_with_group": {"executed_lines": [24, 25, 27, 34, 41, 42], "summary": {"covered_lines": 6, "num_statements": 6, "percent_covered": 100.0, "percent_covered_display": "100", "missing_lines": 0, "excluded_lines": 0, "percent_statements_covered": 100.0, "percent_statements_covered_display": "100"}, "missing_lines": [], "excluded_lines": [], "start_line": 16}, "_pivot_back": {"executed_lines": [51, 52], "summary": {"covered_lines": 2, "num_statements": 2, "percent_covered": 100.0, "percent_covered_display": "100", "missing_lines": 0, "excluded_lines": 0, "percent_statements_covered": 100.0, "percent_statements_covered_display": "100"}, "missing_lines": [], "excluded_lines": [], "start_line": 45}, "group_neutralize": {"executed_lines": [65, 67, 72], "summary": {"covered_lines": 3, "num_statements": 3, "percent_covered": 100.0, "percent_covered_display": "100", "missing_lines": 0, "excluded_lines": 0, "percent_statements_covered": 100.0, "percent_statements_covered_display": "100"}, "missing_lines": [], "excluded_lines": [], "start_line": 55}, "group_zscore": {"executed_lines": [85, 87, 93], "summary": {"covered_lines": 3, "num_statements": 3, "percent_covered": 100.0, "percent_covered_display": "100", "missing_lines": 0, "excluded_lines": 0, "percent_statements_covered": 100.0, "percent_statements_covered_display": "100"}, "missing_lines": [], "excluded_lines": [], "start_line": 75}, "group_scale": {"executed_lines": [106, 108, 115], "summary": {"covered_lines": 3, "num_statements": 3, "percent_covered": 100.0, "percent_covered_display": "100", "missing_lines": 0, "excluded_lines": 0, "percent_statements_covered": 100.0, "percent_statements_covered_display": "100"}, "missing_lines": [], "excluded_lines": [], "start_line": 96}, "group_rank": {"executed_lines": [130, 132, 142], "summary": {"covered_lines": 3, "num_statements": 3, "percent_covered": 100.0, "percent_covered_display": "100", "missing_lines": 0, "excluded_lines": 0, "percent_statements_covered": 100.0, "percent_statements_covered_display": "100"}, "missing_lines": [], "excluded_lines": [], "start_line": 118}, "group_mean": {"executed_lines": [162, 163, 165, 172, 179, 186, 190, 196], "summary": {"covered_lines": 8, "num_statements": 8, "percent_covered": 100.0, "percent_covered_display": "100", "missing_lines": 0, "excluded_lines": 0, "percent_statements_covered": 100.0, "percent_statements_covered_display": "100"}, "missing_lines": [], "excluded_lines": [], "start_line": 145}, "group_backfill": {"executed_lines": [220, 221, 223, 230, 237, 239, 240, 242, 244, 245, 246, 247, 248, 250, 251, 256, 258, 259, 260, 262, 274, 275, 277, 278, 279, 280, 281, 282, 283, 284, 285, 289, 295, 296], "summary": {"covered_lines": 34, "num_statements": 35, "percent_covered": 97.14285714285714, "percent_covered_display": "97", "missing_lines": 1, "excluded_lines": 0, "percent_statements_covered": 97.14285714285714, "percent_statements_covered_display": "97"}, "missing_lines": [287], "excluded_lines": [], "start_line": 199}, "": {"executed_lines": [8, 11, 16, 45, 55, 75, 96, 118, 145, 199], "summary": {"covered_lines": 10, "num_statements": 10, "percent_covered": 100.0, "percent_covered_display": "100", "missing_lines": 0, "excluded_lines": 0, "percent_statements_covered": 100.0, "percent_statements_covered_display": "100"}, "missing_lines": [], "excluded_lines": [], "start_line": 1}}, "classes": {"": {"executed_lines": [8, 11, 13, 16, 24, 25, 27, 34, 41, 42, 45, 51, 52, 55, 65, 
[...]
, 218], "excluded_lines": [], "functions": {"UniverseManager.__init__": {"executed_lines": [19, 20, 22, 23, 25, 27, 28, 30, 33, 36], "summary": {"covered_lines": 10, "num_statements": 10, "percent_covered": 100.0, "percent_covered_display": "100", "missing_lines": 0, "excluded_lines": 0, "percent_statements_covered": 100.0, "percent_statements_covered_display": "100"}, "missing_lines": [], "excluded_lines": [], "start_line": 15}, "UniverseManager.get_current_symbols": {"executed_lines": [45, 46, 49, 50, 51, 53, 55, 58, 59], "summary": {"covered_lines": 9, "num_statements": 9, "percent_covered": 100.0, "percent_covered_display": "100", "missing_lines": 0, "excluded_lines": 0, "percent_statements_covered": 100.0, "percent_statements_covered_display": "100"}, "missing_lines": [], "excluded_lines": [], "start_line": 38}, "UniverseManager.load_symbols_for_year": {"executed_lines": [73, 75, 76, 77, 78, 79, 81, 82, 83, 84, 85, 86, 89, 90, 91, 93, 94, 95, 96, 98, 101, 103, 104, 106, 107, 108], "summary": {"covered_lines": 26, "num_statements": 26, "percent_covered": 100.0, "percent_covered_display": "100", "missing_lines": 0, "excluded_lines": 0, "percent_statements_covered": 100.0, "percent_statements_covered_display": "100"}, "missing_lines": [], "excluded_lines": [], "start_line": 61}, "UniverseManager._get_local_storage_path": {"executed_lines": [112, 113, 114, 115], "summary": {"covered_lines": 4, "num_statements": 4, "percent_covered": 100.0, "percent_covered_display": "100", "missing_lines": 0, "excluded_lines": 0, "percent_statements_covered": 100.0, "percent_statements_covered_display": "100"}, "missing_lines": [], "excluded_lines": [], "start_line": 110}, "UniverseManager._verify_ticks_exist": {"executed_lines": [124, 125, 126, 128, 129, 132, 133, 134, 137, 138, 139, 140, 141, 144, 145, 146], "summary": {"covered_lines": 16, "num_statements": 16, "percent_covered": 100.0, "percent_covered_display": "100", "missing_lines": 0, "excluded_lines": 0, "percent_statements_covered": 100.0, "percent_statements_covered_display": "100"}, "missing_lines": [], "excluded_lines": [], "start_line": 117}, "UniverseManager._calculate_adv_single": {"executed_lines": [158, 159, 160, 161, 163, 164, 167, 170, 172, 173, 176, 177, 179, 180, 181], "summary": {"covered_lines": 15, "num_statements": 15, "percent_covered": 100.0, "percent_covered_display": "100", "missing_lines": 0, "excluded_lines": 0, "percent_statements_covered": 100.0, "percent_statements_covered_display": "100"}, "missing_lines": [], "excluded_lines": [], "start_line": 148}, "UniverseManager._calculate_adv_from_local_ticks": {"executed_lines": [199, 202, 203, 204, 207, 208, 211, 212, 213, 214, 215, 216, 221, 222, 223, 224, 225, 227], "summary": {"covered_lines": 18, "num_statements": 20, "percent_covered": 90.0, "percent_covered_display": "90", "missing_lines": 2, "excluded_lines": 0, "percent_statements_covered": 90.0, "percent_statements_covered_display": "90"}, "missing_lines": [217, 218], "excluded_lines": [], "start_line": 183}, "UniverseManager.get_top_3000": {"executed_lines": [250, 254, 256, 257, 258, 260, 261, 262, 264, 265, 266, 267, 270, 276, 277, 278, 281, 289, 290, 291, 292, 293, 295, 297], "summary": {"covered_lines": 24, "num_statements": 24, "percent_covered": 100.0, "percent_covered_display": "100", "missing_lines": 0, "excluded_lines": 0, "percent_statements_covered": 100.0, "percent_statements_covered_display": "100"}, "missing_lines": [], "excluded_lines": [], "start_line": 229}, "UniverseManager.close": {"executed_lines": [301], "summary": {"covered_lines": 1, "num_statements": 1, "percent_covered": 100.0, "percent_covered_display": "100", "missing_lines": 0, "excluded_lines": 0, "percent_statements_covered": 100.0, "percent_statements_covered_display": "100"}, "missing_lines": [], "excluded_lines": [], "start_line": 299}, "": {"executed_lines": [1, 2, 3, 4, 5, 6, 7, 8, 9, 10, 11, 12, 14, 15, 38, 61, 110, 117, 148, 183, 229, 299], "summary": {"covered_lines": 22, "num_statements": 22, "percent_covered": 100.0, "percent_covered_display": "100", "missing_lines": 0, "excluded_lines": 0, "percent_statements_covered": 100.0, "percent_statements_covered_display": "100"}, "missing_lines": [], "excluded_lines": [], "start_line": 1}}, "classes": {"UniverseManager": {"executed_lines": [19, 20, 22, 23, 25, 27, 28, 30, 33, 36, 45, 46, 49, 50, 51, 53, 55, 58, 59, 73, 75, 76, 77, 78, 79, 81, 82, 83, 84, 85, 86, 89, 90, 91, 93, 94, 95, 96, 98, 101, 103, 104, 106, 107, 108, 112, 113, 114, 115, 124, 125, 126, 128, 129, 132, 133, 134, 137, 138, 139, 140, 141, 144, 145, 146, 158, 159, 160, 161, 163, 164, 167, 170, 172, 173, 176, 177, 179, 180, 181, 199, 202, 203, 204, 207, 208, 211, 212, 213, 214, 215, 216, 221, 222, 223, 224, 225, 227, 250, 254, 256, 257, 258, 260, 261, 262, 264, 265, 266, 267, 270, 276, 277, 278, 281, 289, 290, 291, 292, 293, 295, 297, 301], "summary": {"covered_lines": 123, "num_statements": 125, "percent_covered": 98.4, "percent_covered_display": "98", "missing_lines": 2, "excluded_lines": 0, "percent_statements_covered": 98.4, "percent_statements_covered_display": "98"}, "missing_lines": [217, 218], "excluded_lines": [], "start_line": 14}, "": {"executed_lines": [1, 2, 3, 4, 5, 6, 7, 8, 9, 10, 11, 12, 14, 15, 38, 61, 110, 117, 148, 183, 229, 299], "summary": {"covered_lines": 22, "num_statements": 22, "percent_covered": 100.0, "percent_covered_display": "100", "missing_lines": 0, "excluded_lines": 0, "percent_statements_covered": 100.0, "percent_statements_covered_display": "100"}, "missing_lines": [], "excluded_lines": [], "start_line": 1}}}, "src/alphalab/utils/__init__.py": {"executed_lines": [], "summary": {"covered_lines": 0, "num_statements": 0, "percent_covered": 100.0, "percent_covered_display": "100", "missing_lines": 0, "excluded_lines": 0, "percent_statements_covered": 100.0, "percent_statements_covered_display": "100"}, "missing_lines": [], "excluded_lines": [], "functions": {"": {"executed_lines": [], "summary": {"covered_lines": 0, "num_statements": 0, "percent_covered": 100.0, "percent_covered_display": "100", "missing_lines": 0, "excluded_lines": 0, "percent_statements_covered": 100.0, "percent_statements_covered_display": "100"}, "missing_lines": [], "excluded_lines": [], "start_line": 1}}, "classes": {"": {"executed_lines": [], "summary": {"covered_lines": 0, "num_statements": 0, "percent_covered": 100.0, "percent_covered_display": "100", "missing_lines": 0, "excluded_lines": 0, "percent_statements_covered": 100.0, "percent_statements_covered_display": "100"}, "missing_lines": [], "excluded_lines": [], "start_line": 1}}}, "src/alphalab/utils/calendar.py": {"executed_lines": [7, 8, 9, 10, 11, 12, 15, 17, 18, 19, 23, 28, 34, 37, 38, 40, 48, 51, 52, 54, 56, 63, 65, 72, 73, 75, 82, 84, 100, 107, 114, 116, 121, 123, 124, 126, 127, 133, 134, 139, 145, 146, 148, 153, 154], "summary": {"covered_lines": 45, "num_statements": 48, "percent_covered": 93.75, "percent_covered_display": "94", "missing_lines": 3, "excluded_lines": 0, "percent_statements_covered": 93.75, "percent_statements_covered_display": "94"}, "missing_lines": [20, 92, 98], "excluded_lines": [], "functions": {"_default_calendar_path": {"executed_lines": [17, 18, 19], "summary": {"covered_lines": 3, "num_statements": 4, "percent_covered": 75.0, "percent_covered_display": "75", "missing_lines": 1, "excluded_lines": 0, "percent_statements_covered": 75.0, "percent_statements_covered_display": "75"}, "missing_lines": [20], "excluded_lines": [], "start_line": 15}, "TradingCalendar.__init__": {"executed_lines": [34, 37, 38], "summary": {"covered_lines": 3, "num_statements": 3, "percent_covered": 100.0, "percent_covered_display": "100", "missing_lines": 0, "excluded_lines": 0, "percent_statements_covered": 100.0, "percent_statements_covered_display": "100"}, "missing_lines": [], "excluded_lines": [], "start_line": 28}, "TradingCalendar.load_trading_days": {"executed_lines": [48, 51, 52, 54, 56, 63], "summary": {"covered_lines": 6, "num_statements": 6, "percent_covered": 100.0, "percent_covered_display": "100", "missing_lines": 0, "excluded_lines": 0, "percent_statements_covered": 100.0, "percent_statements_covered_display": "100"}, "missing_lines": [], "excluded_lines": [], "start_line": 40}, "TradingCalendar.load_trading_days_year": {"executed_lines": [72, 73, 75, 82], "summary": {"covered_lines": 4, "num_statements": 4, "percent_covered": 100.0, "percent_covered_display": "100", "missing_lines": 0, "excluded_lines": 0, "percent_statements_covered": 100.0, "percent_statements_covered_display": "100"}, "missing_lines": [], "excluded_lines": [], "start_line": 65}, "TradingCalendar.get_trading_days": {"executed_lines": [], "summary": {"covered_lines": 0, "num_statements": 2, "percent_covered": 0.0, "percent_covered_display": "0", "missing_lines": 2, "excluded_lines": 0, "percent_statements_covered": 0.0, "percent_statements_covered_display": "0"}, "missing_lines": [92, 98], "excluded_lines": [], "start_line": 84}, "TradingCalendar.is_trading_day": {"executed_lines": [107, 114], "summary": {"covered_lines": 2, "num_statements": 2, "percent_covered": 100.0, "percent_covered_display": "100", "missing_lines": 0, "excluded_lines": 0, "percent_statements_covered": 100.0, "percent_statements_covered_display": "100"}, "missing_lines": [], "excluded_lines": [], "start_line": 100}, "TradingCalendar._generate_calendar": {"executed_lines": [121, 123, 124, 126, 127, 133, 134, 139, 145, 146, 148, 153, 154], "summary": {"covered_lines": 13, "num_statements": 13, "percent_covered": 100.0, "percent_covered_display": "100", "missing_lines": 0, "excluded_lines": 0, "percent_statements_covered": 100.0, "percent_statements_covered_display": "100"}, "missing_lines": [], "excluded_lines": [], "start_line": 116}, "": {"executed_lines": [7, 8, 9, 10, 11, 12, 15, 23, 28, 40, 65, 84, 100, 116], "summary": {"covered_lines": 14, "num_statements": 14, "percent_covered": 100.0, "percent_covered_display": "100", "missing_lines": 0, "excluded_lines": 0, "percent_statements_covered": 100.0, "percent_statements_covered_display": "100"}, "missing_lines": [], "excluded_lines": [], "start_line": 1}}, "classes": {"TradingCalendar": {"executed_lines": [34, 37, 38, 48, 51, 52, 54, 56, 63, 72, 73, 75, 82, 107, 114, 121, 123, 124, 126, 127, 133, 134, 139, 145, 146, 148, 153, 154], "summary": {"covered_lines": 28, "num_statements": 30, "percent_covered": 93.33333333333333, "percent_covered_display": "93", "missing_lines": 2, "excluded_lines": 0, "percent_statements_covered": 93.33333333333333, "percent_statements_covered_display": "93"}, "missing_lines": [92, 98], "excluded_lines": [], "start_line": 23}, "": {"executed_lines": [7, 8, 9, 10, 11, 12, 15, 17, 18, 19, 23, 28, 40, 65, 84, 100, 116], "summary": {"covered_lines": 17, "num_statements": 18, "percent_covered": 94.44444444444444, "percent_covered_display": "94", "missing_lines": 1, "excluded_lines": 0, "percent_statements_covered": 94.44444444444444, "percent_statements_covered_display": "94"}, "missing_lines": [20], "excluded_lines": [], "start_line": 1}}}, "src/alphalab/utils/logger.py": {"executed_lines": [1, 2, 3, 4, 7, 12, 13, 14, 15, 17, 18, 21, 52, 53, 56, 57, 60, 61, 64, 67, 68, 69, 71, 73, 74, 75, 76, 79, 81, 84, 88, 91, 92, 94, 96, 99, 110, 128, 129, 130, 131, 132, 134, 142], "summary": {"covered_lines": 44, "num_statements": 45, "percent_covered": 97.77777777777777, "percent_covered_display": "98", "missing_lines": 1, "excluded_lines": 0, "percent_statements_covered": 97.77777777777777, "percent_statements_covered_display": "98"}, "missing_lines": [9], "excluded_lines": [], "functions": {"console_log": {"executed_lines": [], "summary": {"covered_lines": 0, "num_statements": 1, "percent_covered": 0.0, "percent_covered_display": "0", "missing_lines": 1, "excluded_lines": 0, "percent_statements_covered": 0.0, "percent_statements_covered_display": "0"}, "missing_lines": [9], "excluded_lines": [], "start_line": 7}, "MaxLevelFilter.__init__": {"executed_lines": [14, 15], "summary": {"covered_lines": 2, "num_statements": 2, "percent_covered": 100.0, "percent_covered_display": "100", "missing_lines": 0, "excluded_lines": 0, "percent_statements_covered": 100.0, "percent_statements_covered_display": "100"}, "missing_lines": [], "excluded_lines": [], "start_line": 13}, "MaxLevelFilter.filter": {"executed_lines": [18], "summary": {"covered_lines": 1, "num_statements": 1, "percent_covered": 100.0, "percent_covered_display": "100", "missing_lines": 0, "excluded_lines": 0, "percent_statements_covered": 100.0, "percent_statements_covered_display": "100"}, "missing_lines": [], "excluded_lines": [], "start_line": 17}, "setup_logger": {"executed_lines": [52, 53, 56, 57, 60, 61, 64, 67, 68, 69, 71, 73, 74, 75, 76, 79, 81, 84, 88, 91, 92, 94, 96], "summary": {"covered_lines": 23, "num_statements": 23, "percent_covered": 100.0, "percent_covered_display": "100", "missing_lines": 0, "excluded_lines": 0, "percent_statements_covered": 100.0, "percent_statements_covered_display": "100"}, "missing_lines": [], "excluded_lines": [], "start_line": 21}, "LoggerFactory.__init__": {"executed_lines": [128, 129, 130, 131, 132], "summary": {"covered_lines": 5, "num_statements": 5, "percent_covered": 100.0, "percent_covered_display": "100", "missing_lines": 0, "excluded_lines": 0, "percent_statements_covered": 100.0, "percent_statements_covered_display": "100"}, "missing_lines": [], "excluded_lines": [], "start_line": 110}, "LoggerFactory.get_logger": {"executed_lines": [142], "summary": {"covered_lines": 1, "num_statements": 1, "percent_covered": 100.0, "percent_covered_display": "100", "missing_lines": 0, "excluded_lines": 0, "percent_statements_covered": 100.0, "percent_statements_covered_display": "100"}, "missing_lines": [], "excluded_lines": [], "start_line": 134}, "": {"executed_lines": [1, 2, 3, 4, 7, 12, 13, 17, 21, 99, 110, 134], "summary": {"covered_lines": 12, "num_statements": 12, "percent_covered": 100.0, "percent_covered_display": "100", "missing_lines": 0, "excluded_lines": 0, "percent_statements_covered": 100.0, "percent_statements_covered_display": "100"}, "missing_lines": [], "excluded_lines": [], "start_line": 1}}, "classes": {"MaxLevelFilter": {"executed_lines": [14, 15, 18], "summary": {"covered_lines": 3, "num_statements": 3, "percent_covered": 100.0, "percent_covered_display": "100", "missing_lines": 0, "excluded_lines": 0, "percent_statements_covered": 100.0, "percent_statements_covered_display": "100"}, "missing_lines": [], "excluded_lines": [], "start_line": 12}, "LoggerFactory": {"executed_lines": [128, 129, 130, 131, 132, 142], "summary": {"covered_lines": 6, "num_statements": 6, "percent_covered": 100.0, "percent_covered_display": "100", "missing_lines": 0, "excluded_lines": 0, "percent_statements_covered": 100.0, "percent_statements_covered_display": "100"}, "missing_lines": [], "excluded_lines": [], "start_line": 99}, "": {"executed_lines": [1, 2, 3, 4, 7, 12, 13, 17, 21, 52, 53, 56, 57, 60, 61, 64, 67, 68, 69, 71, 73, 74, 75, 76, 79, 81, 84, 88, 91, 92, 94, 96, 99, 110, 134], "summary": {"covered_lines": 35, "num_statements": 36, "percent_covered": 97.22222222222223, "percent_covered_display": "97", "missing_lines": 1, "excluded_lines": 0, "percent_statements_covered": 97.22222222222223, "percent_statements_covered_display": "97"}, "missing_lines": [9], "excluded_lines": [], "start_line": 1}}}, "src/alphalab/utils/mapping.py": {"executed_lines": [1, 2, 3, 4, 5, 8, 10, 11, 12, 14, 15, 16, 17, 18, 19, 20, 22, 24, 31, 39, 40, 52, 55, 73, 74, 75, 76, 78, 79, 82, 88], "summary": {"covered_lines": 31, "num_statements": 31, "percent_covered": 100.0, "percent_covered_display": "100", "missing_lines": 0, "excluded_lines": 0, "percent_statements_covered": 100.0, "percent_statements_covered_display": "100"}, "missing_lines": [], "excluded_lines": [], "functions": {"symbol_cik_mapping": {"executed_lines": [10, 11, 12, 14, 15, 16, 17, 18, 19, 20, 22], "summary": {"covered_lines": 11, "num_statements": 11, "percent_covered": 100.0, "percent_covered_display": "100", "missing_lines": 0, "excluded_lines": 0, "percent_statements_covered": 100.0, "percent_statements_covered_display": "100"}, "missing_lines": [], "excluded_lines": [], "start_line": 8}, "align_calendar": {"executed_lines": [31, 39, 40, 52, 55, 73, 74, 75, 76, 78, 79, 82, 88], "summary": {"covered_lines": 13, "num_statements": 13, "percent_covered": 100.0, "percent_covered_display": "100", "missing_lines": 0, "excluded_lines": 0, "percent_statements_covered": 100.0, "percent_statements_covered_display": "100"}, "missing_lines": [], "excluded_lines": [], "start_line": 24}, "": {"executed_lines": [1, 2, 3, 4, 5, 8, 24], "summary": {"covered_lines": 7, "num_statements": 7, "percent_covered": 100.0, "percent_covered_display": "100", "missing_lines": 0, "excluded_lines": 0, "percent_statements_covered": 100.0, "percent_statements_covered_display": "100"}, "missing_lines": [], "excluded_lines": [], "start_line": 1}}, "classes": {"": {"executed_lines": [1, 2, 3, 4, 5, 8, 10, 11, 12, 14, 15, 16, 17, 18, 19, 20, 22, 24, 31, 39, 40, 52, 55, 73, 74, 75, 76, 78, 79, 82, 88], "summary": {"covered_lines": 31, "num_statements": 31, "percent_covered": 100.0, "percent_covered_display": "100", "missing_lines": 0, "excluded_lines": 0, "percent_statements_covered": 100.0, "percent_statements_covered_display": "100"}, "missing_lines": [], "excluded_lines": [], "start_line": 1}}}, "src/alphalab/utils/validation.py": {"executed_lines": [5, 6, 9, 25, 26, 29, 30, 31, 32, 34, 37, 55, 56, 59, 62, 78, 79, 80], "summary": {"covered_lines": 18, "num_statements": 18, "percent_covered": 100.0, "percent_covered_display": "100", "missing_lines": 0, "excluded_lines": 0, "percent_statements_covered": 100.0, "percent_statements_covered_display": "100"}, "missing_lines": [], "excluded_lines": [], "functions": {"validate_date_string": {"executed_lines": [25, 26, 29, 30, 31, 32, 34], "summary": {"covered_lines": 7, "num_statements": 7, "percent_covered": 100.0, "percent_covered_display": "100", "missing_lines": 0, "excluded_lines": 0, "percent_statements_covered": 100.0, "percent_statements_covered_display": "100"}, "missing_lines": [], "excluded_lines": [], "start_line": 9}, "validate_year": {"executed_lines": [55, 56, 59], "summary": {"covered_lines": 3, "num_statements": 3, "percent_covered": 100.0, "percent_covered_display": "100", "missing_lines": 0, "excluded_lines": 0, "percent_statements_covered": 100.0, "percent_statements_covered_display": "100"}, "missing_lines": [], "excluded_lines": [], "start_line": 37}, "validate_month": {"executed_lines": [78, 79, 80], "summary": {"covered_lines": 3, "num_statements": 3, "percent_covered": 100.0, "percent_covered_display": "100", "missing_lines": 0, "excluded_lines": 0, "percent_statements_covered": 100.0, "percent_statements_covered_display": "100"}, "missing_lines": [], "excluded_lines": [], "start_line": 62}, "": {"executed_lines": [5, 6, 9, 37, 62], "summary": {"covered_lines": 5, "num_statements": 5, "percent_covered": 100.0, "percent_covered_display": "100", "missing_lines": 0, "excluded_lines": 0, "percent_statements_covered": 100.0, "percent_statements_covered_display": "100"}, "missing_lines": [], "excluded_lines": [], "start_line": 1}}, "classes": {"": {"executed_lines": [5, 6, 9, 25, 26, 29, 30, 31, 32, 34, 37, 55, 56, 59, 62, 78, 79, 80], "summary": {"covered_lines": 18, "num_statements": 18, "percent_covered": 100.0, "percent_covered_display": "100", "missing_lines": 0, "excluded_lines": 0, "percent_statements_covered": 100.0, "percent_statements_covered_display": "100"}, "missing_lines": [], "excluded_lines": [], "start_line": 1}}}}, "totals": {"covered_lines": 3950, "num_statements": 4257, "percent_covered": 92.7883486023021, "percent_covered_display": "93", "missing_lines": 307, "excluded_lines": 21, "percent_statements_covered": 92.7883486023021, "percent_statements_covered_display": "93"}}